SF:iterators.jl
DA:138,15
DA:139,37
DA:140,30
DA:141,23
DA:234,6
DA:235,6
DA:332,0
DA:342,0
DA:343,0
DA:350,0
DA:351,0
DA:352,0
DA:353,0
LH:6
LF:13
end_of_record
SF:expr.jl
DA:10,1
DA:12,158
LH:2
LF:2
end_of_record
SF:dict.jl
DA:93,180
DA:101,0
DA:102,0
DA:103,0
DA:105,0
DA:117,639
DA:123,0
DA:171,112
DA:470,82
DA:476,42
DA:477,42
DA:500,12
DA:501,19
DA:545,64
DA:659,28
DA:660,54
DA:661,112
DA:662,198
DA:665,4
DA:668,20
DA:669,4
DA:670,3
DA:672,4
DA:675,52
DA:677,7
DA:679,45
LH:21
LF:26
end_of_record
SF:subarray.jl
DA:16,5
DA:22,5
DA:31,5
DA:32,5
DA:43,0
DA:65,0
DA:156,5
DA:157,5
DA:158,5
DA:163,5
DA:262,36
DA:263,36
DA:264,36
DA:315,5
DA:342,5
DA:398,41
DA:403,41
LH:15
LF:17
end_of_record
SF:tuple.jl
DA:19,5
DA:24,109
DA:43,19039
DA:63,4353
DA:139,91
DA:140,1
DA:267,111
DA:271,110
DA:272,110
DA:273,7
DA:277,103
LH:11
LF:11
end_of_record
SF:path.jl
DA:133,1
DA:162,1
DA:263,5
LH:3
LF:3
end_of_record
SF:iobuffer.jl
DA:112,0
LH:0
LF:1
end_of_record
SF:/home/chad/.julia/packages/Zygote/bdE6T/src/Zygote.jl
DA:1,0
LH:0
LF:1
end_of_record
SF:/home/chad/.julia/packages/Plots/h3o4c/src/themes.jl
DA:7,0
DA:8,0
DA:34,0
LH:0
LF:3
end_of_record
SF:reduce.jl
DA:125,1
DA:144,1
DA:685,13373
DA:689,6396
DA:694,12792
DA:697,6396
LH:6
LF:6
end_of_record
SF:refvalue.jl
DA:8,0
DA:15,0
DA:25,0
DA:32,1
DA:33,1
LH:2
LF:5
end_of_record
SF:/home/chad/.julia/packages/MLStyle/F2eph/src/Render.jl
DA:29,360
DA:30,1956
DA:31,978
DA:32,978
DA:42,1036
DA:46,168
DA:49,180
LH:7
LF:7
end_of_record
SF:/home/chad/.julia/packages/GR/ZI5OE/src/js.jl
DA:1017,0
DA:1027,0
DA:1028,0
DA:1029,0
DA:1030,0
LH:0
LF:5
end_of_record
SF:client.jl
DA:341,2
LH:1
LF:1
end_of_record
SF:coreio.jl
DA:5,0
LH:0
LF:1
end_of_record
SF:/home/chad/.julia/packages/MLStyle/F2eph/src/Pervasives.jl
DA:9,136
DA:13,60
DA:22,128
DA:27,128
DA:28,20
DA:30,20
DA:35,88
DA:43,88
DA:51,88
DA:62,88
DA:67,88
DA:71,66
DA:75,88
DA:76,132
DA:86,22
DA:103,22
DA:108,22
DA:119,22
DA:134,22
DA:155,22
DA:167,66
DA:168,22
DA:170,11
DA:171,11
DA:178,23
DA:186,4
DA:195,22
DA:196,11
DA:197,11
DA:198,11
DA:199,11
DA:223,32
DA:233,32
DA:234,32
DA:236,16
DA:238,0
DA:243,0
DA:248,0
DA:252,0
DA:259,0
DA:265,16
DA:266,16
DA:268,48
DA:275,16
DA:329,32
DA:330,16
DA:331,16
DA:332,16
DA:333,32
DA:347,16
DA:357,16
DA:358,16
DA:359,16
DA:360,16
DA:361,16
DA:362,43
DA:363,5
DA:364,5
DA:366,0
DA:369,5
DA:371,30
DA:372,30
DA:373,30
DA:375,30
DA:378,0
DA:379,0
DA:380,30
DA:383,21
DA:384,0
DA:386,30
DA:387,30
DA:390,30
DA:391,60
DA:401,16
DA:402,5
DA:403,15
DA:406,5
DA:407,5
DA:408,0
DA:410,10
DA:411,10
DA:418,33
DA:422,16
LH:73
LF:83
end_of_record
SF:/home/chad/.julia/packages/BangBang/B2vBR/src/NoBang/NoBang.jl
DA:17,2
LH:1
LF:1
end_of_record
SF:/home/chad/.julia/packages/Rmath/Py9gH/src/Rmath.jl
DA:47,2
DA:49,1
DA:51,1
LH:3
LF:3
end_of_record
SF:/home/chad/.julia/packages/GeneralizedGenerated/x3uMp/src/closure_conv.jl
DA:150,15
DA:152,5
DA:153,5
DA:154,5
DA:170,5
DA:171,5
DA:173,0
DA:178,10
DA:179,5
LH:8
LF:9
end_of_record
SF:/buildworker/worker/package_linux64/build/usr/share/julia/stdlib/v1.2/Test/src/logging.jl
DA:11,0
DA:37,0
DA:43,0
LH:0
LF:3
end_of_record
SF:/home/chad/.julia/packages/IRTools/pgYVw/src/reflection/reflection.jl
DA:7,1
DA:21,2
LH:2
LF:2
end_of_record
SF:int.jl
DA:49,368
DA:52,718
DA:53,1122
DA:54,0
DA:293,7
DA:423,713
DA:424,18336
DA:425,132
DA:428,0
DA:430,713
DA:437,0
DA:438,66
DA:439,66
DA:444,0
DA:446,66
DA:459,0
DA:464,637
DA:872,0
DA:874,601
LH:13
LF:19
end_of_record
SF:/home/chad/.julia/packages/MacroTools/ys44U/src/match/union.jl
DA:10,344
DA:11,172
LH:2
LF:2
end_of_record
SF:/buildworker/worker/package_linux64/build/usr/share/julia/stdlib/v1.2/Libdl/src/Libdl.jl
DA:122,6
LH:1
LF:1
end_of_record
SF:/home/chad/.julia/packages/DiffEqDiffTools/qCskj/src/iteration_utils.jl
DA:24,2
DA:84,1
LH:2
LF:2
end_of_record
SF:/home/chad/.julia/packages/CategoricalArrays/ucKV2/src/CategoricalArrays.jl
DA:27,2
LH:1
LF:1
end_of_record
SF:strings/search.jl
DA:452,1
LH:1
LF:1
end_of_record
SF:/home/chad/.julia/packages/ResumableFunctions/bdcq7/src/transforms.jl
DA:5,186
DA:6,0
DA:7,0
DA:8,0
DA:9,0
DA:10,0
DA:26,24
DA:27,24
DA:28,48
DA:29,61
DA:30,61
DA:31,159
DA:33,24
DA:40,0
DA:41,0
DA:42,0
DA:43,0
DA:44,0
DA:45,0
DA:47,0
DA:48,0
DA:69,283
DA:70,10
DA:71,0
DA:72,0
DA:87,122
DA:88,1
DA:89,1
DA:127,318
DA:128,0
DA:129,0
DA:130,0
DA:131,0
DA:132,0
DA:133,0
DA:134,0
DA:135,0
DA:136,0
DA:137,0
DA:139,0
DA:142,0
DA:143,0
DA:145,0
DA:146,0
DA:147,0
DA:160,131
DA:161,1
DA:162,1
DA:163,1
DA:178,71
DA:179,1
DA:180,1
DA:191,238
LH:22
LF:53
end_of_record
SF:compiler/inferenceresult.jl
DA:12,2
DA:13,1
LH:2
LF:2
end_of_record
SF:/home/chad/.julia/packages/LogDensityProblems/2UHo5/src/LogDensityProblems.jl
DA:228,2
DA:229,1
DA:230,1
DA:231,1
DA:234,1
LH:5
LF:5
end_of_record
SF:regex.jl
DA:166,832
DA:275,43
DA:290,43
LH:3
LF:3
end_of_record
SF:stat.jl
DA:107,1
DA:126,7
DA:190,4
DA:219,3
DA:309,7
LH:5
LF:5
end_of_record
SF:/home/chad/git/jl/Soss/src/model.jl
DA:10,2
LH:1
LF:1
end_of_record
SF:loading.jl
DA:159,0
LH:0
LF:1
end_of_record
SF:operators.jl
DA:83,7479
DA:193,123
DA:268,0
DA:294,177
DA:317,0
DA:341,886
DA:346,0
DA:529,0
DA:854,159
DA:873,124
DA:924,0
DA:939,0
DA:1055,5370
DA:1056,5376
DA:1059,5373
DA:1060,6226
DA:1063,5325
LH:11
LF:17
end_of_record
SF:/home/chad/.julia/packages/PlotThemes/1SIma/src/PlotThemes.jl
DA:36,18
DA:39,22
DA:40,18
DA:42,11
DA:57,2
DA:58,21
LH:6
LF:6
end_of_record
SF:c.jl
DA:164,6
DA:169,6
DA:186,6
DA:190,6
DA:193,0
LH:4
LF:5
end_of_record
SF:/home/chad/.julia/packages/Transducers/Xx1Y9/src/core.jl
DA:181,2
LH:1
LF:1
end_of_record
SF:bool.jl
DA:36,982
DA:40,945
DA:41,43
LH:3
LF:3
end_of_record
SF:pair.jl
DA:12,923
DA:15,923
LH:2
LF:2
end_of_record
SF:namedtuple.jl
DA:91,3
DA:92,0
LH:1
LF:2
end_of_record
SF:strings/io.jl
DA:168,1242
DA:177,0
DA:179,0
LH:1
LF:3
end_of_record
SF:/home/chad/.julia/packages/Requires/9Jse8/src/init.jl
DA:9,8
DA:11,14
DA:18,7
LH:3
LF:3
end_of_record
SF:abstractarray.jl
DA:75,183
DA:95,138
DA:99,41
DA:102,2
DA:149,0
DA:153,76
DA:206,0
DA:212,5
DA:268,127
DA:303,43
DA:488,79
DA:503,79
DA:504,79
DA:529,0
DA:560,122
DA:565,43
DA:671,1
DA:672,1
DA:689,352
DA:799,1
DA:912,87
DA:913,41
DA:914,36
DA:917,18
DA:934,2
DA:937,76
DA:1155,2
DA:1171,0
DA:1189,1
DA:1196,1
DA:1213,2
DA:1385,1
DA:1392,1
DA:1396,2
DA:1417,1
DA:1418,1
DA:1436,1
DA:1438,1
DA:1441,1
DA:1442,1
DA:1446,1
DA:1503,1
DA:1565,1
DA:2073,98
LH:40
LF:44
end_of_record
SF:boot.jl
DA:223,108
DA:287,0
DA:303,0
DA:330,28
DA:339,377
DA:365,162
DA:404,401
DA:413,3
DA:421,2
DA:423,240
DA:435,128
DA:469,1
DA:549,1
DA:553,1
DA:564,84
DA:574,84
DA:575,84
DA:580,158
DA:581,158
DA:582,158
DA:583,158
DA:619,158
DA:629,71
DA:676,66
DA:685,84
DA:709,158
DA:710,71
DA:714,66
DA:715,84
DA:721,509
DA:726,452
LH:29
LF:31
end_of_record
SF:uuid.jl
DA:31,0
LH:0
LF:1
end_of_record
SF:/home/chad/.julia/packages/ResumableFunctions/bdcq7/src/macro.jl
DA:19,3
DA:20,1
DA:21,2
DA:22,1
DA:24,1
DA:26,1
DA:27,87
DA:28,125
DA:29,1
DA:31,1
DA:32,1
DA:33,1
DA:34,1
DA:35,1
DA:37,0
DA:38,0
DA:40,1
DA:42,1
DA:43,1
DA:44,1
DA:51,1
DA:53,1
DA:62,1
DA:63,1
DA:64,1
DA:65,1
DA:67,0
DA:68,0
DA:70,1
DA:72,1
DA:73,1
DA:75,0
DA:77,1
DA:78,49
DA:79,1
DA:80,1
DA:81,1
DA:82,213
DA:83,1
DA:84,213
DA:85,1
DA:94,1
DA:95,1
DA:96,1
DA:98,1
LH:40
LF:45
end_of_record
SF:/home/chad/.julia/packages/BangBang/B2vBR/src/BangBang.jl
DA:40,2
LH:1
LF:1
end_of_record
SF:/buildworker/worker/package_linux64/build/usr/share/julia/stdlib/v1.2/Logging/src/ConsoleLogger.jl
DA:40,0
DA:100,0
DA:108,0
DA:109,0
DA:110,0
DA:130,0
DA:132,0
DA:133,0
DA:134,0
DA:137,0
DA:138,0
DA:139,0
DA:141,0
DA:143,0
DA:144,0
DA:148,0
DA:149,0
DA:150,0
DA:152,0
DA:153,0
DA:154,0
DA:155,0
DA:156,0
DA:158,0
DA:161,0
DA:162,0
LH:0
LF:26
end_of_record
SF:multidimensional.jl
DA:626,5
LH:1
LF:1
end_of_record
SF:array.jl
DA:129,27
DA:130,0
DA:151,120
DA:155,179
DA:200,999
DA:201,76
DA:242,38
DA:243,38
DA:255,38
DA:258,38
DA:259,38
DA:309,540
DA:317,38
DA:351,0
DA:357,0
DA:358,0
DA:359,0
DA:361,0
DA:363,35
DA:474,1
DA:482,1
DA:548,98
DA:598,0
DA:704,855
DA:728,1342
DA:734,38
DA:735,38
DA:736,38
DA:737,38
DA:738,38
DA:740,38
DA:766,5
DA:809,1
DA:811,82
DA:813,1
DA:853,2
DA:854,2
DA:855,2
DA:859,80
DA:860,80
DA:861,80
DA:1088,1
DA:1089,1
DA:1090,1
DA:1151,1
DA:1153,1
DA:1154,1
DA:1877,1
DA:1878,1
DA:1879,1
DA:1880,1
DA:1881,0
DA:1883,0
DA:1885,0
DA:1928,2
DA:2367,176
LH:46
LF:56
end_of_record
SF:/home/chad/.julia/packages/RecipesBase/zBoFG/src/RecipesBase.jl
DA:67,20
DA:79,0
DA:85,2
DA:86,1
DA:87,0
DA:88,1
DA:89,2
DA:90,1
DA:91,0
DA:93,1
DA:96,0
DA:103,2
DA:104,1
DA:105,1
DA:106,1
DA:107,1
DA:108,0
DA:109,0
DA:110,0
DA:111,0
DA:112,0
DA:114,0
DA:115,0
DA:117,0
DA:119,1
DA:132,21
DA:133,23
DA:138,10
DA:139,0
DA:140,0
DA:141,0
DA:142,0
DA:143,0
DA:144,0
DA:145,0
DA:148,0
DA:153,10
DA:155,0
DA:160,10
DA:161,3
DA:162,3
DA:163,3
DA:166,3
DA:168,0
DA:171,6
DA:174,3
DA:176,0
DA:177,3
DA:179,0
DA:181,6
DA:186,7
DA:189,29
DA:246,2
DA:248,1
DA:249,0
DA:251,1
DA:252,0
DA:254,1
DA:255,0
DA:258,1
DA:259,1
DA:264,1
DA:268,1
DA:281,1
DA:334,2
DA:338,2
DA:339,0
DA:342,1
DA:343,1
DA:344,1
DA:347,1
DA:357,2
LH:44
LF:72
end_of_record
SF:/home/chad/.julia/packages/NNlib/mxWRT/src/NNlib.jl
DA:1,0
LH:0
LF:1
end_of_record
SF:/home/chad/.julia/packages/MLStyle/F2eph/src/Err.jl
DA:8,0
DA:15,0
DA:19,0
LH:0
LF:3
end_of_record
SF:generator.jl
DA:32,196
LH:1
LF:1
end_of_record
SF:checked.jl
DA:132,43
DA:165,43
DA:166,43
DA:167,43
DA:194,43
DA:222,43
DA:223,43
DA:224,43
LH:8
LF:8
end_of_record
SF:env.jl
DA:39,6
DA:42,0
DA:43,0
DA:47,3
DA:79,0
DA:82,6
DA:86,3
LH:4
LF:7
end_of_record
SF:/home/chad/.julia/packages/GeneralizedGenerated/x3uMp/src/typeable.jl
DA:30,1
DA:40,1
DA:42,1
DA:63,3
DA:64,1
DA:65,1
DA:66,1
LH:7
LF:7
end_of_record
SF:threads.jl
DA:26,5
LH:1
LF:1
end_of_record
SF:range.jl
DA:5,95
DA:275,95
DA:280,95
DA:309,132
DA:318,132
DA:471,5
DA:475,100
DA:514,41
DA:515,0
DA:541,43
DA:563,0
DA:568,0
DA:591,112
DA:595,185
DA:596,154
DA:597,154
DA:623,2
DA:624,2
DA:718,1
LH:16
LF:19
end_of_record
SF:/home/chad/.julia/packages/IRTools/pgYVw/src/IRTools.jl
DA:25,2
LH:1
LF:1
end_of_record
SF:simdloop.jl
DA:54,4
DA:70,1
DA:72,1
DA:75,3
DA:76,2
DA:77,2
DA:78,2
DA:79,2
LH:8
LF:8
end_of_record
SF:/home/chad/git/jl/Soss/src/Soss.jl
DA:1,70
LH:1
LF:1
end_of_record
SF:/home/chad/.julia/packages/MacroTools/ys44U/src/match/macro.jl
DA:18,3
DA:27,6
DA:28,6
DA:29,3
DA:71,461
DA:72,461
DA:73,922
DA:74,448
DA:76,13
DA:77,391
LH:10
LF:10
end_of_record
SF:/home/chad/.julia/packages/MonteCarloMeasurements/cgewI/src/register_primitive.jl
DA:12,8
DA:13,4
DA:14,4
DA:15,12
DA:31,4
DA:49,8
DA:50,4
DA:51,4
DA:52,8
LH:9
LF:9
end_of_record
SF:/home/chad/.julia/packages/Reexport/dcQFm/src/Reexport.jl
DA:4,10
DA:10,5
DA:11,0
DA:12,0
DA:13,5
DA:14,0
DA:16,5
DA:19,5
LH:5
LF:8
end_of_record
SF:abstractdict.jl
DA:12,0
DA:17,1
DA:40,48
DA:98,24
DA:284,180
DA:324,180
DA:509,0
DA:527,0
DA:566,0
DA:567,0
DA:583,0
DA:584,0
DA:585,0
DA:587,0
DA:588,0
DA:589,0
DA:590,0
DA:594,0
DA:595,0
DA:598,0
DA:599,0
DA:600,0
DA:604,0
DA:605,0
DA:606,0
DA:607,0
DA:609,0
DA:610,0
DA:611,0
DA:622,0
DA:623,0
DA:665,0
LH:5
LF:32
end_of_record
SF:missing.jl
DA:54,0
LH:0
LF:1
end_of_record
SF:/home/chad/.julia/packages/Parsers/jQ5xu/src/Parsers.jl
DA:581,2
DA:582,1
DA:583,1
DA:584,1
DA:585,1
DA:586,1
DA:587,1
DA:588,1
DA:589,1
DA:590,1
DA:591,1
LH:11
LF:11
end_of_record
SF:indices.jl
DA:295,5
DA:426,78
DA:462,1
LH:3
LF:3
end_of_record
SF:promotion.jl
DA:261,70
DA:284,70
DA:350,77
DA:403,676
DA:414,132
LH:5
LF:5
end_of_record
SF:/home/chad/.julia/packages/MLStyle/F2eph/src/StandardPatterns/Active.jl
DA:12,3
DA:13,1
DA:14,0
DA:16,1
DA:18,1
DA:19,1
DA:21,2
DA:22,1
DA:23,1
DA:24,1
DA:46,0
DA:47,0
DA:74,1
DA:109,2
LH:11
LF:14
end_of_record
SF:/home/chad/.julia/packages/SpecialFunctions/fvheQ/src/SpecialFunctions.jl
DA:12,2
LH:1
LF:1
end_of_record
SF:/home/chad/.julia/packages/Requires/9Jse8/src/Requires.jl
DA:9,2
LH:1
LF:1
end_of_record
SF:/home/chad/.julia/packages/Compat/lwK4K/src/Compat.jl
DA:246,2
LH:1
LF:1
end_of_record
SF:/home/redbq/github/MLStyle.jl/bootstrap/MatchCore.jl
DA:25,581
DA:26,1162
DA:36,2
DA:66,160
DA:67,549
DA:68,80
DA:80,158
DA:86,158
DA:88,158
DA:89,158
DA:90,158
DA:91,158
DA:98,10
DA:102,15
DA:103,5
DA:106,0
DA:108,5
DA:109,5
DA:110,72
DA:111,18
DA:113,18
DA:115,18
DA:116,18
DA:118,0
DA:121,5
DA:123,5
DA:128,5
DA:129,5
DA:131,5
DA:132,36
DA:133,18
DA:144,10
DA:155,160
DA:156,80
DA:157,80
DA:159,0
DA:160,0
LH:33
LF:37
end_of_record
SF:strings/util.jl
DA:323,0
LH:0
LF:1
end_of_record
SF:/home/chad/.julia/packages/DocStringExtensions/DWN8v/src/templates.jl
DA:11,1
LH:1
LF:1
end_of_record
SF:/home/chad/.julia/packages/MLStyle/F2eph/src/Qualification.jl
DA:7,1
DA:8,1
DA:9,0
LH:2
LF:3
end_of_record
SF:compiler/utilities.jl
DA:128,1
DA:136,1
LH:2
LF:2
end_of_record
SF:/home/chad/.julia/packages/DocStringExtensions/DWN8v/src/DocStringExtensions.jl
DA:110,3
LH:1
LF:1
end_of_record
SF:threadingconstructs.jl
DA:19,1
LH:1
LF:1
end_of_record
SF:strings/string.jl
DA:17,66
DA:52,43
DA:53,43
DA:56,0
DA:57,0
DA:81,109
DA:82,109
DA:84,99
DA:85,158
DA:89,66
DA:90,66
DA:177,99
DA:178,33
DA:179,33
DA:180,66
DA:181,0
DA:207,33
DA:208,33
DA:209,66
DA:210,0
LH:16
LF:20
end_of_record
SF:task.jl
DA:95,0
DA:144,0
DA:146,0
DA:147,0
DA:149,0
LH:0
LF:5
end_of_record
SF:/home/chad/.julia/packages/PlotUtils/35TGG/src/color_gradients.jl
DA:5,0
DA:47,18
DA:48,9
DA:52,1
LH:3
LF:4
end_of_record
SF:/home/chad/.julia/packages/MacroTools/ys44U/src/utils.jl
DA:9,43
DA:31,28
DA:44,3
DA:47,10689
DA:48,12792
DA:50,740
DA:73,282
DA:74,8
DA:76,873
DA:80,28
DA:89,5900
DA:90,14
DA:91,26
DA:92,2
DA:95,8
DA:104,860
DA:105,1102
DA:114,3770
DA:126,292
DA:222,2
DA:228,2
DA:229,0
DA:230,1
DA:231,0
DA:232,0
DA:234,1
DA:256,2
DA:257,0
DA:258,0
DA:260,1
DA:287,2
DA:288,1
DA:291,1
DA:292,1
DA:297,1
DA:298,1
DA:300,1
DA:301,2
DA:302,1
DA:303,1
DA:313,11
DA:314,4
DA:315,8
DA:316,4
DA:317,4
DA:318,4
DA:321,4
DA:322,8
DA:323,1
DA:328,3
DA:334,0
DA:335,0
DA:340,0
DA:382,12
DA:388,3
DA:389,3
DA:390,0
DA:391,0
DA:393,3
DA:399,1058
DA:401,12
DA:402,12
DA:403,91
DA:406,12
DA:414,1
LH:55
LF:65
end_of_record
SF:io.jl
DA:238,0
LH:0
LF:1
end_of_record
SF:/home/chad/.julia/packages/ResumableFunctions/bdcq7/src/types.jl
DA:10,6
LH:1
LF:1
end_of_record
SF:/home/chad/.julia/packages/Requires/9Jse8/src/require.jl
DA:6,34
DA:8,0
DA:11,82
DA:13,0
DA:17,164
DA:18,82
DA:19,82
DA:23,0
DA:24,0
DA:25,0
DA:26,0
DA:27,0
DA:28,0
DA:30,0
DA:37,0
DA:38,0
DA:40,0
DA:63,34
DA:64,0
DA:65,0
DA:66,0
DA:67,0
LH:6
LF:22
end_of_record
SF:Base.jl
DA:13,5
DA:15,2
DA:20,14152
DA:21,5
DA:26,19
DA:27,0
DA:28,19
DA:29,0
DA:30,19
DA:31,19
DA:33,19
LH:9
LF:11
end_of_record
SF:strings/basic.jl
DA:185,66
DA:193,66
DA:205,43
DA:206,12
DA:230,5
DA:674,0
LH:5
LF:6
end_of_record
SF:gcutils.jl
DA:86,66
DA:87,66
DA:88,66
LH:3
LF:3
end_of_record
SF:/buildworker/worker/package_linux64/build/usr/share/julia/stdlib/v1.2/REPL/src/Terminals.jl
DA:107,4
LH:1
LF:1
end_of_record
SF:/home/chad/.julia/packages/Plots/h3o4c/src/init.jl
DA:5,2
DA:6,0
DA:8,1
DA:14,2
DA:15,1
DA:16,0
DA:18,1
DA:19,0
DA:22,2
DA:24,1
DA:31,1
DA:32,1
DA:33,1
DA:34,1
DA:35,1
DA:36,1
DA:38,1
DA:46,1
DA:47,0
DA:48,0
DA:49,0
DA:50,0
DA:53,1
DA:57,1
LH:17
LF:24
end_of_record
SF:compiler/optimize.jl
DA:20,0
DA:21,0
DA:22,0
DA:23,0
DA:25,0
DA:26,0
LH:0
LF:6
end_of_record
SF:/home/chad/.julia/packages/PlotUtils/35TGG/src/PlotUtils.jl
DA:41,2
LH:1
LF:1
end_of_record
SF:/home/chad/.julia/packages/FFTW/MJ7kl/deps/deps.jl
DA:15,1
DA:16,1
DA:17,0
DA:20,3
DA:21,0
DA:25,1
DA:26,0
DA:29,3
DA:30,0
LH:5
LF:9
end_of_record
SF:logging.jl
DA:105,0
DA:305,0
DA:307,0
DA:310,0
DA:311,0
DA:315,0
DA:318,0
DA:319,0
DA:320,0
DA:322,0
DA:327,0
DA:517,0
DA:526,0
LH:0
LF:13
end_of_record
SF:/home/chad/.julia/packages/Transducers/Xx1Y9/src/Transducers.jl
DA:49,2
DA:53,1
DA:59,1
LH:3
LF:3
end_of_record
SF:reflection.jl
DA:455,2
DA:800,1
DA:801,1
DA:1316,1
LH:4
LF:4
end_of_record
SF:/home/chad/.julia/packages/FFTW/MJ7kl/src/FFTW.jl
DA:46,2
DA:47,1
DA:48,1
DA:49,2
DA:50,0
DA:53,1
DA:54,1
DA:55,1
DA:57,1
LH:8
LF:9
end_of_record
SF:/home/redbq/github2/MLStyle.jl/bootstrap/Infras.jl
DA:9,16
DA:32,16
DA:33,16
DA:34,16
DA:35,32
DA:84,1
DA:90,1
DA:91,1
DA:96,32
DA:97,16
DA:98,16
DA:99,32
DA:100,16
DA:104,0
DA:105,0
DA:131,160
DA:132,32
DA:134,0
DA:135,16
DA:136,0
DA:137,0
LH:16
LF:21
end_of_record
SF:/home/chad/.julia/packages/CanonicalTraits/de0MI/src/Typeclasses.jl
DA:44,2
DA:45,2
LH:2
LF:2
end_of_record
SF:char.jl
DA:229,0
LH:0
LF:1
end_of_record
SF:/home/chad/.julia/packages/SpecialFunctions/fvheQ/deps/deps.jl
DA:14,1
DA:15,1
DA:16,0
DA:19,3
DA:20,0
LH:3
LF:5
end_of_record
SF:strings/unicode.jl
DA:295,33
LH:1
LF:1
end_of_record
SF:pointer.jl
DA:26,452
DA:30,343
DA:59,267
DA:65,78
DA:105,134
DA:118,6
DA:147,267
DA:155,52
DA:159,452
LH:9
LF:9
end_of_record
SF:/home/chad/.julia/packages/ArrayInterface/mWH2h/src/ArrayInterface.jl
DA:374,2
DA:380,1
DA:385,1
DA:391,1
DA:403,1
DA:424,1
LH:6
LF:6
end_of_record
SF:/home/chad/.julia/packages/MonteCarloMeasurements/cgewI/src/MonteCarloMeasurements.jl
DA:95,2
LH:1
LF:1
end_of_record
SF:version.jl
DA:156,0
DA:160,0
DA:168,0
LH:0
LF:3
end_of_record
SF:show.jl
DA:276,0
LH:0
LF:1
end_of_record
SF:/home/chad/.julia/packages/MLStyle/F2eph/src/Internal/Toolz.jl
DA:7,33
LH:1
LF:1
end_of_record
SF:number.jl
DA:7,312
LH:1
LF:1
end_of_record
SF:set.jl
DA:6,0
LH:0
LF:1
end_of_record
SF:/home/chad/.julia/packages/MacroTools/ys44U/src/match/match.jl
DA:2,621
DA:6,1242
DA:9,86
DA:10,43
DA:13,1290
DA:14,414
DA:17,86
DA:21,1540
DA:22,35
DA:28,1352
DA:29,836
DA:32,70
DA:33,35
DA:34,2
DA:37,12
DA:38,4
DA:39,2
DA:42,116
DA:46,744
DA:47,35
DA:48,35
DA:49,35
DA:51,35
DA:52,55
DA:55,58
DA:56,3
DA:57,3
DA:60,95
DA:61,1
DA:63,108
DA:64,91
DA:67,33
DA:68,19
DA:71,2386
DA:77,6231
DA:78,4855
DA:79,1117
DA:80,4855
DA:81,2428
DA:85,0
DA:88,2470
DA:89,1705
DA:90,1704
DA:91,1193
DA:92,1638
DA:93,1591
DA:94,1193
DA:97,639
DA:109,1278
DA:110,639
DA:112,621
LH:50
LF:51
end_of_record
SF:broadcast.jl
DA:170,1
DA:179,1
DA:196,1
DA:256,1
DA:469,1
DA:539,2
DA:547,1
DA:548,1
DA:553,1
DA:557,2
DA:558,2
DA:563,0
DA:586,2
DA:591,2
DA:592,1
DA:597,2
DA:598,2
DA:622,2
DA:625,2
DA:798,2
DA:818,2
DA:842,2
DA:863,2
DA:869,2
DA:870,2
DA:873,2
DA:878,1
DA:886,2
DA:887,1
DA:888,2
DA:890,1
LH:30
LF:31
end_of_record
SF:/home/chad/.julia/packages/Zygote/bdE6T/src/profiler/Profile.jl
DA:1,0
LH:0
LF:1
end_of_record
SF:/home/chad/.julia/packages/ResumableFunctions/bdcq7/src/utils.jl
DA:13,2
DA:14,1
DA:15,1
DA:16,1
DA:17,3
DA:18,3
DA:19,4
DA:21,2
DA:22,0
DA:23,0
DA:24,0
DA:26,1
DA:33,2
DA:34,1
DA:35,1
DA:36,1
DA:37,1
DA:38,1
DA:39,1
DA:40,1
DA:41,1
DA:42,1
DA:43,1
DA:44,11
DA:47,2
DA:48,5
DA:50,86
DA:51,87
DA:52,2
DA:53,10
DA:54,15
DA:57,1
DA:58,1
DA:59,1
DA:60,1
DA:64,5
DA:65,1
DA:66,0
DA:68,1
DA:69,1
DA:70,1
DA:71,1
DA:72,1
DA:73,1
DA:74,1
DA:75,1
DA:77,1
DA:81,2
DA:82,1
DA:83,1
DA:84,1
DA:85,1
DA:86,1
DA:87,0
DA:88,0
DA:89,0
DA:91,1
DA:92,1
DA:93,1
DA:100,122
DA:101,61
DA:108,181
DA:109,10
DA:110,0
DA:111,0
DA:132,186
DA:133,0
DA:134,0
DA:135,0
LH:57
LF:69
end_of_record
SF:/home/chad/.julia/packages/GR/ZI5OE/src/GR.jl
DA:225,2
DA:226,2
DA:229,1
DA:230,1
DA:231,0
DA:232,0
DA:233,0
DA:235,1
DA:236,0
DA:238,1
DA:239,1
DA:240,3
DA:241,0
DA:242,0
DA:246,1
DA:247,1
DA:249,1
DA:250,1
DA:254,1
DA:256,1
DA:257,0
DA:259,1
DA:263,1
DA:264,1
DA:265,1
DA:266,0
DA:267,0
DA:268,0
DA:270,1
DA:271,0
DA:272,1
DA:273,0
DA:274,0
DA:275,0
DA:276,0
DA:277,1
DA:278,0
DA:279,0
DA:280,0
DA:281,0
DA:282,0
DA:285,1
DA:286,0
DA:287,1
DA:288,0
DA:289,1
LH:24
LF:46
end_of_record
SF:strings/substring.jl
DA:54,43
LH:1
LF:1
end_of_record
SF:essentials.jl
DA:201,51
DA:370,452
DA:372,713
DA:391,242
DA:395,76
DA:417,746
DA:452,76
DA:455,65
DA:477,3
DA:817,72
LH:10
LF:10
end_of_record
