SF:iterators.jl
DA:138,58226132
DA:139,0
DA:140,0
DA:141,0
DA:169,0
DA:226,0
DA:234,828533
DA:235,828533
DA:237,0
DA:238,0
DA:332,1
DA:342,1
DA:343,1
DA:350,1
DA:351,1
DA:352,1
DA:353,1
DA:599,2
DA:628,2
LH:12
LF:19
end_of_record
SF:secretbuffer.jl
DA:149,0
DA:150,0
LH:0
LF:2
end_of_record
SF:/home/chad/.julia/packages/DiffResults/FsQMZ/src/DiffResults.jl
DA:26,21566
DA:122,2
DA:123,1
DA:124,1
DA:148,21565
DA:169,64695
DA:184,431302
DA:254,215651
LH:8
LF:8
end_of_record
SF:/home/chad/.julia/packages/DynamicHMC/pVyrS/src/NUTS.jl
DA:14,2498
DA:27,21516
DA:28,32202
DA:42,40346
DA:46,21254
DA:50,30092
DA:58,88556
DA:68,21514
DA:77,22764
DA:85,1248
DA:87,43028
DA:95,88246
DA:101,22758
DA:102,22758
DA:107,42730
DA:112,21365
DA:113,21365
DA:114,41634
DA:122,22764
DA:123,21515
DA:124,22764
DA:125,22764
DA:126,22764
DA:127,6
DA:129,22758
DA:130,22758
DA:163,1
DA:166,1
DA:182,1248
DA:207,3747
DA:208,1249
DA:209,1249
DA:210,1249
DA:211,2496
DA:213,1248
LH:35
LF:35
end_of_record
SF:subarray.jl
DA:16,865
DA:22,870
DA:31,870
DA:32,870
DA:43,0
DA:65,130
DA:156,870
DA:157,870
DA:158,870
DA:163,870
DA:172,0
DA:173,0
DA:179,0
DA:182,0
DA:183,0
DA:208,0
DA:262,15
DA:263,15
DA:264,15
DA:315,870
DA:342,870
DA:398,80
DA:403,80
LH:16
LF:23
end_of_record
SF:/buildworker/worker/package_linux64/build/usr/share/julia/stdlib/v1.2/LinearAlgebra/src/blas.jl
DA:287,65994
DA:331,131988
DA:332,65994
DA:333,65994
DA:334,0
DA:336,65994
DA:380,0
DA:386,0
DA:413,0
DA:419,0
LH:5
LF:10
end_of_record
SF:/home/chad/.julia/packages/ArgCheck/xX4DA/src/checks.jl
DA:25,0
DA:32,0
DA:39,0
DA:161,282535
DA:162,282535
DA:165,0
DA:174,0
DA:178,0
LH:2
LF:8
end_of_record
SF:/home/chad/.julia/packages/TransformVariables/gAt5r/src/utilities.jl
DA:5,41146444
DA:8,41729864
DA:9,20573222
DA:40,776348
DA:43,776348
LH:5
LF:5
end_of_record
SF:reduce.jl
DA:72,34
DA:90,1
DA:125,897
DA:144,897
DA:178,0
DA:208,33
DA:685,30392
DA:689,15201
DA:690,530
DA:693,530
DA:694,30942
DA:697,15201
DA:778,8
DA:779,28
DA:781,4
LH:14
LF:15
end_of_record
SF:libc.jl
DA:191,7
DA:247,27
DA:256,0
LH:2
LF:3
end_of_record
SF:/buildworker/worker/package_linux64/build/usr/share/julia/stdlib/v1.2/Pkg/src/versions.jl
DA:12,2
DA:13,0
DA:14,4
DA:18,2
DA:97,4
DA:101,0
DA:313,4
DA:314,8
DA:315,2
DA:316,2
DA:317,4
DA:318,2
DA:319,2
DA:320,0
DA:323,4
DA:324,2
DA:325,2
DA:326,2
DA:327,2
DA:328,0
DA:329,0
DA:331,0
DA:332,0
DA:333,0
DA:334,0
DA:336,0
DA:340,0
DA:341,0
DA:343,0
DA:350,4
DA:351,2
DA:352,8
DA:353,2
DA:354,4
DA:355,4
DA:356,2
DA:357,0
DA:359,2
DA:360,2
DA:361,0
DA:362,0
DA:363,0
DA:364,0
DA:366,0
DA:369,0
DA:371,0
DA:372,2
DA:373,0
DA:374,2
DA:375,2
DA:377,0
LH:28
LF:51
end_of_record
SF:/home/chad/.julia/packages/NameResolution/L8KnI/src/Variable.jl
DA:2,47
LH:1
LF:1
end_of_record
SF:/home/chad/.julia/packages/GR/ZI5OE/src/js.jl
DA:19,0
DA:27,0
DA:28,0
DA:30,0
DA:31,0
DA:32,0
DA:37,0
DA:39,0
DA:803,0
DA:804,0
DA:809,0
DA:811,0
DA:820,0
DA:821,0
DA:822,0
DA:823,0
DA:824,0
DA:825,0
DA:827,0
DA:829,0
DA:835,0
DA:836,0
DA:838,0
DA:840,0
DA:963,0
DA:964,0
DA:965,0
DA:966,0
DA:967,0
DA:971,0
DA:988,0
DA:990,0
DA:996,0
DA:997,0
DA:998,0
DA:999,0
DA:1001,0
DA:1002,0
DA:1003,0
DA:1005,0
DA:1006,0
DA:1008,0
DA:1009,0
DA:1011,0
DA:1012,0
DA:1017,0
DA:1027,0
DA:1028,0
DA:1029,0
DA:1030,0
LH:0
LF:50
end_of_record
SF:client.jl
DA:181,3
DA:182,6
DA:184,6
DA:188,3
DA:341,2
LH:5
LF:5
end_of_record
SF:asyncevent.jl
DA:86,0
DA:187,0
DA:188,0
DA:189,0
LH:0
LF:4
end_of_record
SF:/home/chad/.julia/packages/Rmath/Py9gH/src/Rmath.jl
DA:47,2
DA:49,1
DA:51,1
LH:3
LF:3
end_of_record
SF:/buildworker/worker/package_linux64/build/usr/share/julia/stdlib/v1.2/Test/src/logging.jl
DA:11,0
DA:37,0
DA:43,0
LH:0
LF:3
end_of_record
SF:/home/chad/.julia/packages/ForwardDiff/N0wMF/src/config.jl
DA:13,6
DA:98,1
DA:121,2
DA:122,1
DA:123,1
LH:5
LF:5
end_of_record
SF:/home/chad/.julia/packages/IRTools/pgYVw/src/reflection/reflection.jl
DA:7,1
DA:21,2
LH:2
LF:2
end_of_record
SF:/buildworker/worker/package_linux64/build/usr/share/julia/stdlib/v1.2/Random/src/normal.jl
DA:39,850
DA:40,133584
DA:41,133584
DA:42,133584
DA:43,133584
DA:44,133584
DA:45,1922
DA:51,3844
DA:53,30
DA:54,30
DA:55,30
DA:58,1893
DA:59,1043
DA:61,850
DA:99,19534
DA:100,19534
DA:101,19534
DA:102,19534
DA:103,19534
DA:104,468
DA:109,936
DA:110,9
DA:111,459
DA:112,231
DA:114,228
DA:167,284092
DA:172,2500
DA:173,263750
DA:175,1250
DA:184,2500
DA:188,1249
LH:31
LF:31
end_of_record
SF:strings/search.jl
DA:120,245103
DA:452,1
LH:2
LF:2
end_of_record
SF:reducedim.jl
DA:15,10
DA:80,10
DA:92,10
DA:93,10
DA:172,10
DA:274,5
DA:307,1164648
DA:312,582324
DA:653,1164648
DA:657,582324
DA:662,1070
DA:674,5
DA:676,5
DA:832,5
LH:14
LF:14
end_of_record
SF:/home/chad/.julia/packages/Optim/tAcSy/src/utilities/assess_convergence.jl
DA:1,1
DA:2,37
DA:3,1
DA:4,1
DA:6,212
DA:7,4028
DA:8,1
DA:9,2
DA:11,1
DA:13,19
DA:14,18
DA:21,18
DA:24,1908
DA:27,1908
DA:33,18
DA:34,18
DA:38,18
DA:42,18
DA:46,18
DA:48,36
DA:50,18
LH:21
LF:21
end_of_record
SF:/home/chad/.julia/packages/LineSearches/WrsMD/src/types.jl
DA:2,0
LH:0
LF:1
end_of_record
SF:/home/chad/git/jl/Soss/src/toposort.jl
DA:10,63
DA:11,63
DA:15,63
DA:16,63
DA:17,126
DA:18,174
DA:19,348
DA:22,63
DA:24,63
DA:25,95
DA:26,137
DA:27,137
DA:28,168
DA:30,63
DA:35,126
DA:36,63
LH:16
LF:16
end_of_record
SF:/home/chad/.julia/packages/LogDensityProblems/2UHo5/src/LogDensityProblems.jl
DA:13,9
DA:154,2
DA:164,21578
DA:167,194087
DA:168,194087
DA:189,10
DA:191,0
DA:228,3
DA:229,2
DA:230,2
DA:231,2
DA:234,1
LH:11
LF:12
end_of_record
SF:stat.jl
DA:107,1
DA:126,21
DA:190,10
DA:219,11
DA:309,21
LH:5
LF:5
end_of_record
SF:/home/chad/.julia/packages/ForwardDiff/N0wMF/src/apiutils.jl
DA:0,1
DA:5,21565
DA:6,21565
DA:35,0
DA:36,0
DA:37,0
DA:53,3
DA:58,2329128
DA:59,4550426
DA:61,21566
DA:66,0
DA:67,0
DA:69,0
DA:74,2221207
DA:75,172521
DA:76,2070252
DA:77,3967983
DA:79,172521
DA:84,2242785
DA:85,215652
DA:86,2285914
DA:87,4377741
DA:89,194087
LH:17
LF:23
end_of_record
SF:loading.jl
DA:159,68
LH:1
LF:1
end_of_record
SF:/home/chad/.julia/packages/PlotThemes/1SIma/src/PlotThemes.jl
DA:36,18
DA:39,22
DA:40,18
DA:42,11
DA:57,2
DA:58,21
LH:6
LF:6
end_of_record
SF:/home/chad/.julia/packages/Optim/tAcSy/src/api.jl
DA:2,1
DA:63,1
DA:68,1
LH:3
LF:3
end_of_record
SF:/home/chad/.julia/packages/Distributions/Iltex/src/univariate/continuous/beta.jl
DA:35,582267
DA:39,582267
DA:41,582267
DA:57,218
DA:172,436
DA:173,218
DA:175,0
DA:176,0
DA:177,0
DA:178,0
DA:179,0
DA:180,0
DA:181,0
DA:183,0
DA:184,0
DA:185,0
DA:186,0
DA:187,0
DA:188,0
DA:193,218
DA:194,218
DA:195,218
LH:9
LF:22
end_of_record
SF:/home/chad/.julia/packages/Optim/tAcSy/src/utilities/trace.jl
DA:4,2
DA:5,1
DA:6,1
DA:7,0
DA:8,0
DA:9,0
DA:11,1
DA:12,1
LH:5
LF:8
end_of_record
SF:/home/chad/.julia/packages/NLSolversBase/NsXIC/src/objective_types/oncedifferentiable.jl
DA:3,1
DA:18,4
DA:39,1
DA:40,1
DA:41,1
DA:43,1
DA:207,3
DA:208,1
DA:210,1
DA:212,1
LH:10
LF:10
end_of_record
SF:bool.jl
DA:36,473881060
DA:40,588254609
DA:41,227611
DA:75,9
DA:88,24017
LH:5
LF:5
end_of_record
SF:/home/chad/.julia/packages/GeneralizedGenerated/x3uMp/src/closure.jl
DA:2,194088
DA:6,232904528
LH:2
LF:2
end_of_record
SF:strings/io.jl
DA:103,53517
DA:168,2297
DA:177,32
DA:179,0
DA:221,0
DA:292,53517
LH:4
LF:6
end_of_record
SF:/home/chad/.julia/packages/Requires/9Jse8/src/init.jl
DA:9,8
DA:11,14
DA:18,7
LH:3
LF:3
end_of_record
SF:abstractarray.jl
DA:57,777257
DA:75,236890895
DA:85,714317
DA:86,65994
DA:89,648323
DA:95,223329
DA:99,80
DA:102,122
DA:149,0
DA:150,0
DA:153,120
DA:206,65
DA:212,22858
DA:268,199468
DA:303,3566
DA:321,194087
DA:324,4
DA:488,945
DA:503,945
DA:504,945
DA:529,0
DA:560,1875
DA:565,930
DA:629,402
DA:635,10
DA:637,402
DA:641,10
DA:645,20
DA:671,117104897
DA:672,117104897
DA:689,2572
DA:692,30
DA:799,0
DA:803,0
DA:804,0
DA:806,0
DA:807,0
DA:809,0
DA:917,583069
DA:934,118028154
DA:937,124
DA:1155,117896004
DA:1171,0
DA:1189,58948002
DA:1196,58948002
DA:1213,117896004
DA:1373,5
DA:2073,582662
LH:38
LF:48
end_of_record
SF:/home/chad/.julia/packages/NLSolversBase/NsXIC/src/objective_types/inplace_factory.jl
DA:17,1
DA:18,1
DA:20,0
DA:37,1
DA:38,1
DA:40,0
LH:4
LF:6
end_of_record
SF:/home/chad/.julia/packages/Optim/tAcSy/src/multivariate/precon.jl
DA:34,1
LH:1
LF:1
end_of_record
SF:uuid.jl
DA:31,34
LH:1
LF:1
end_of_record
SF:/buildworker/worker/package_linux64/build/usr/share/julia/stdlib/v1.2/LinearAlgebra/src/dense.jl
DA:102,0
DA:105,0
LH:0
LF:2
end_of_record
SF:/home/chad/.julia/packages/BangBang/B2vBR/src/BangBang.jl
DA:1,3
DA:40,2
LH:2
LF:2
end_of_record
SF:/buildworker/worker/package_linux64/build/usr/share/julia/stdlib/v1.2/Logging/src/ConsoleLogger.jl
DA:40,0
DA:46,0
DA:54,2
DA:61,3
DA:62,2
DA:64,1
DA:65,0
DA:66,0
DA:67,0
DA:68,0
DA:69,0
DA:70,0
DA:73,0
DA:74,0
DA:100,0
DA:108,0
DA:109,0
DA:110,0
DA:111,0
DA:112,0
DA:113,0
DA:116,0
DA:117,0
DA:118,0
DA:119,0
DA:120,0
DA:122,0
DA:123,0
DA:130,0
DA:132,0
DA:133,0
DA:134,0
DA:137,0
DA:138,0
DA:139,0
DA:141,0
DA:143,0
DA:144,0
DA:148,0
DA:149,0
DA:150,0
DA:152,0
DA:153,0
DA:154,0
DA:155,0
DA:156,0
DA:158,0
DA:161,0
DA:162,0
LH:4
LF:49
end_of_record
SF:/home/chad/.julia/packages/MLStyle/F2eph/src/Err.jl
DA:15,0
LH:0
LF:1
end_of_record
SF:/home/chad/.julia/packages/Distributions/Iltex/src/univariate/discrete/bernoulli.jl
DA:31,116452264
DA:32,116452264
DA:37,116452264
DA:49,43475298
DA:50,72976366
DA:82,189428030
LH:6
LF:6
end_of_record
SF:threads.jl
DA:26,5
LH:1
LF:1
end_of_record
SF:range.jl
DA:3,0
DA:5,1487714
DA:22,54
DA:24,54
DA:88,582261
DA:104,0
DA:111,582261
DA:113,582261
DA:200,582315
DA:251,54
DA:275,1487714
DA:280,961463
DA:309,177752802
DA:318,177752802
DA:471,584238
DA:473,54
DA:475,1592444
DA:514,80
DA:515,65
DA:541,584424
DA:563,1436
DA:568,1512
DA:572,138077
DA:573,138077
DA:591,2078502
DA:595,184488871
DA:596,124880426
DA:597,124880426
DA:602,1107
DA:616,20574329
DA:617,20574329
DA:618,20574329
DA:623,144525608
DA:624,144525608
DA:668,0
DA:669,0
DA:670,0
DA:671,0
DA:718,59034925
LH:33
LF:39
end_of_record
SF:/home/chad/.julia/packages/LegibleLambdas/kpxjE/src/local.jl
DA:15,95
DA:23,190
DA:28,762
DA:349,60
LH:4
LF:4
end_of_record
SF:/home/chad/.julia/packages/JuliaVariables/kjfZG/src/JuliaVariables.jl
DA:25,8
DA:26,1
DA:27,6
DA:36,183
DA:41,8
DA:46,0
DA:105,147
DA:107,151
DA:132,508
DA:145,72
DA:146,9
DA:147,11
DA:148,10
DA:153,35
DA:155,110
DA:156,110
DA:157,110
DA:160,59
DA:161,59
DA:162,59
DA:165,90
DA:166,90
DA:170,0
DA:171,0
DA:172,13
DA:173,48
DA:177,119
DA:182,4
DA:183,186
DA:184,44
DA:185,71
DA:186,71
DA:187,71
DA:188,71
DA:189,58
DA:190,14
DA:196,48
DA:199,366
DA:200,549
DA:201,0
DA:202,497
DA:203,26
DA:205,183
DA:206,110
DA:208,123
DA:210,183
DA:214,294
DA:215,0
DA:217,147
DA:219,147
DA:221,35
DA:222,35
DA:223,6
DA:225,3
DA:227,35
DA:228,35
DA:229,8
DA:230,16
DA:232,62
DA:234,70
DA:235,35
DA:236,35
DA:237,35
DA:239,112
DA:240,0
DA:241,0
DA:242,0
DA:243,0
DA:244,0
DA:246,112
DA:247,0
DA:248,0
DA:249,0
DA:250,0
DA:251,0
DA:253,112
DA:254,0
DA:255,0
DA:256,0
DA:264,0
DA:265,0
DA:267,112
DA:269,2
DA:270,2
DA:271,2
DA:272,2
DA:274,110
DA:275,0
DA:276,0
DA:277,0
DA:278,0
DA:279,0
DA:281,110
DA:283,0
DA:284,0
DA:285,0
DA:287,110
DA:289,0
DA:290,0
DA:291,0
DA:293,110
DA:295,0
DA:296,0
DA:298,110
DA:300,0
DA:301,0
DA:304,110
DA:306,2
DA:307,0
DA:308,0
DA:309,0
DA:311,1
DA:313,1
DA:314,1
DA:316,109
DA:318,5
DA:319,5
DA:320,5
DA:322,104
DA:326,104
DA:328,57
DA:329,9
DA:331,15
DA:334,10
DA:337,94
DA:339,0
DA:340,0
DA:342,0
DA:345,94
DA:352,94
DA:354,8
DA:355,4
DA:356,4
DA:358,90
DA:360,90
DA:361,14
DA:363,90
DA:364,90
DA:370,92
DA:374,6
DA:378,12
DA:379,6
DA:380,6
DA:381,6
DA:382,6
LH:104
LF:145
end_of_record
SF:/home/chad/.julia/packages/MacroTools/ys44U/src/match/macro.jl
DA:18,263
DA:27,2058
DA:28,2309
DA:29,12
DA:71,35
DA:72,35
DA:73,70
DA:74,12
DA:76,23
DA:77,7
LH:10
LF:10
end_of_record
SF:/home/chad/.julia/packages/Parsers/jQ5xu/src/Parsers.jl
DA:581,2
DA:582,1
DA:583,1
DA:584,1
DA:585,1
DA:586,1
DA:587,1
DA:588,1
DA:589,1
DA:590,1
DA:591,1
LH:11
LF:11
end_of_record
SF:missing.jl
DA:54,0
LH:0
LF:1
end_of_record
SF:/home/chad/.julia/packages/TransformVariables/gAt5r/src/aggregation.jl
DA:13,6
DA:40,6
DA:58,582261
DA:61,582261
DA:62,582261
DA:63,582261
DA:64,582261
DA:65,582261
DA:66,1164522
DA:100,1
DA:117,1
DA:121,215665
DA:156,194087
DA:160,388174
DA:161,1164522
DA:162,776348
DA:163,582261
DA:172,388174
DA:216,1
DA:220,194087
DA:221,388174
DA:222,194087
LH:22
LF:22
end_of_record
SF:refpointer.jl
DA:48,197982
DA:51,197982
DA:82,94
DA:84,6
LH:4
LF:4
end_of_record
SF:indices.jl
DA:145,85918
DA:152,85918
DA:153,85918
DA:154,0
DA:162,85918
DA:251,40445
DA:295,870
DA:298,40445
DA:417,0
DA:426,58227333
DA:441,0
DA:442,0
DA:455,0
DA:462,128
LH:9
LF:14
end_of_record
SF:/buildworker/worker/package_linux64/build/usr/share/julia/stdlib/v1.2/Random/src/Random.jl
DA:106,1
DA:113,1
DA:141,2
DA:161,1
DA:164,1
DA:168,1
DA:230,310629
DA:233,7537
DA:244,2
DA:253,1
DA:265,2
DA:268,1
DA:400,1
LH:13
LF:13
end_of_record
SF:/buildworker/worker/package_linux64/build/usr/share/julia/stdlib/v1.2/Profile/src/Profile.jl
DA:277,2
LH:1
LF:1
end_of_record
SF:hashing.jl
DA:29,0
DA:30,0
DA:31,0
DA:32,0
DA:33,0
DA:34,0
DA:35,0
DA:62,0
LH:0
LF:8
end_of_record
SF:promotion.jl
DA:261,58390848
DA:284,58390848
DA:313,157598108
DA:314,267606188
DA:315,172349071
DA:316,69211
DA:345,900
DA:350,7733
DA:351,1
DA:352,0
DA:364,22763
DA:403,363614517
DA:414,177752889
DA:415,58
LH:13
LF:14
end_of_record
SF:/home/chad/.julia/packages/TransformVariables/gAt5r/src/scalar.jl
DA:100,3
DA:104,3
DA:110,20573222
DA:116,41146444
LH:4
LF:4
end_of_record
SF:intfuncs.jl
DA:221,5
DA:244,0
LH:1
LF:2
end_of_record
SF:/home/chad/.julia/packages/Optim/tAcSy/src/multivariate/solvers/first_order/l_bfgs.jl
DA:20,36
DA:23,18
DA:24,18
DA:27,18
DA:30,36
DA:31,180
DA:32,55
DA:34,250
DA:35,125
DA:36,125
DA:37,125
DA:38,467
DA:44,18
DA:54,34
DA:55,17
DA:56,17
DA:57,17
DA:58,34
DA:60,1
DA:63,36
DA:64,180
DA:65,55
DA:67,250
DA:68,125
DA:69,125
DA:70,125
DA:71,467
DA:75,18
DA:77,18
DA:81,2
DA:129,2
DA:135,3
DA:153,2
DA:154,1
DA:155,1
DA:156,1
DA:158,1
DA:160,1
DA:161,1
DA:179,36
DA:181,18
DA:183,18
DA:189,18
DA:192,18
DA:195,18
DA:198,18
DA:201,36
DA:202,36
DA:203,18
DA:205,18
DA:210,34
DA:212,34
DA:215,17
DA:216,17
DA:218,0
DA:220,34
DA:221,17
DA:222,17
DA:223,17
DA:227,1
LH:59
LF:60
end_of_record
SF:/home/chad/.julia/packages/Requires/9Jse8/src/Requires.jl
DA:9,2
LH:1
LF:1
end_of_record
SF:/home/chad/.julia/packages/Optim/tAcSy/src/utilities/generic.jl
DA:15,1
LH:1
LF:1
end_of_record
SF:/home/chad/.julia/packages/Graphs/GQCid/src/common.jl
DA:60,137
DA:65,137
DA:67,0
DA:69,274
DA:230,63
DA:232,126
LH:5
LF:6
end_of_record
SF:/home/chad/.julia/packages/Graphs/GQCid/src/depth_first_visit.jl
DA:11,109
DA:20,457
DA:21,239
DA:23,376
DA:24,137
DA:26,137
DA:27,137
DA:28,137
DA:29,137
DA:31,137
DA:32,137
DA:35,137
DA:37,65
DA:41,65
DA:44,65
DA:45,65
DA:49,239
DA:50,174
DA:51,174
DA:64,109
DA:66,109
DA:71,109
DA:73,109
DA:75,109
DA:130,63
DA:131,63
DA:132,63
DA:138,137
DA:139,0
DA:144,174
DA:148,63
DA:150,63
DA:151,63
DA:152,122
DA:153,174
DA:154,224
DA:158,63
LH:36
LF:37
end_of_record
SF:/home/chad/.julia/packages/Optim/tAcSy/src/utilities/update.jl
DA:11,3
DA:12,1
DA:13,0
DA:15,1
DA:16,0
DA:17,0
DA:18,0
DA:30,1
LH:4
LF:8
end_of_record
SF:strings/util.jl
DA:50,124
DA:51,124
DA:52,23
DA:53,101
DA:55,3
DA:57,98
DA:323,0
DA:389,0
DA:432,0
LH:6
LF:9
end_of_record
SF:/buildworker/worker/package_linux64/build/usr/share/julia/stdlib/v1.2/LinearAlgebra/src/matmul.jl
DA:9,65993
LH:1
LF:1
end_of_record
SF:/home/chad/.julia/packages/NameResolution/L8KnI/src/Analyzer.jl
DA:2,14
DA:8,283
DA:9,272
DA:10,256
DA:11,68
DA:18,20
DA:32,28
DA:33,28
DA:41,20
DA:46,6
DA:49,16
DA:50,8
DA:51,8
DA:55,0
LH:13
LF:14
end_of_record
SF:/home/chad/.julia/packages/DocStringExtensions/DWN8v/src/templates.jl
DA:11,13
DA:105,6
DA:106,6
DA:107,0
DA:108,0
DA:109,0
DA:110,0
DA:111,0
DA:113,0
DA:115,6
DA:133,0
DA:135,0
DA:136,0
DA:137,0
DA:138,0
DA:139,0
DA:140,0
DA:141,0
DA:142,0
DA:143,0
DA:144,0
DA:145,0
DA:146,0
DA:148,0
LH:4
LF:24
end_of_record
SF:/home/chad/.julia/packages/NamedTupleTools/iQuGo/src/NamedTupleTools.jl
DA:202,24
LH:1
LF:1
end_of_record
SF:/home/chad/.julia/packages/GeneralizedGenerated/x3uMp/src/utils.jl
DA:2,10
DA:3,5
DA:4,5
LH:3
LF:3
end_of_record
SF:meta.jl
DA:17,0
DA:18,0
LH:0
LF:2
end_of_record
SF:/home/chad/.julia/packages/Distributions/Iltex/src/univariate/continuous/exponential.jl
DA:27,404
DA:30,202
DA:66,202
DA:90,202
LH:4
LF:4
end_of_record
SF:docs/utils.jl
DA:23,0
LH:0
LF:1
end_of_record
SF:/buildworker/worker/package_linux64/build/usr/share/julia/stdlib/v1.2/LinearAlgebra/src/special.jl
DA:253,10
LH:1
LF:1
end_of_record
SF:/home/chad/.julia/packages/DocStringExtensions/DWN8v/src/DocStringExtensions.jl
DA:110,3
LH:1
LF:1
end_of_record
SF:linked_list.jl
DA:7,1
LH:1
LF:1
end_of_record
SF:task.jl
DA:5,2
DA:95,14
DA:144,13
DA:146,13
DA:147,0
DA:149,13
DA:271,1
DA:272,1
DA:273,0
DA:275,1
DA:426,1
LH:9
LF:11
end_of_record
SF:/home/chad/git/jl/Soss/src/canonical.jl
DA:5,168
DA:10,76
DA:11,0
DA:12,38
DA:13,6
DA:14,6
DA:15,30
DA:18,36
DA:19,0
DA:20,0
DA:21,0
DA:22,2
DA:25,36
DA:26,12
DA:27,6
DA:28,6
DA:32,30
DA:33,60
DA:34,30
DA:35,30
DA:58,4
DA:59,2
DA:60,2
DA:61,2
DA:62,2
LH:21
LF:25
end_of_record
SF:/home/chad/.julia/packages/NLSolversBase/NsXIC/src/objective_types/abstract.jl
DA:21,1
LH:1
LF:1
end_of_record
SF:/home/chad/.julia/packages/ForwardDiff/N0wMF/src/dual.jl
DA:19,844900619
DA:55,838258457
DA:81,1927879614
DA:84,21565
DA:94,1229148065
DA:96,2285902
DA:101,2285902
DA:134,544605708
DA:139,41146444
DA:140,153716290
DA:202,274049772
DA:203,611178978
DA:204,609819210
DA:215,0
DA:216,0
DA:232,0
DA:233,0
DA:234,0
DA:237,20573222
DA:238,20573222
DA:239,20573222
DA:243,61719666
DA:244,61719666
DA:308,232903328
DA:357,58225832
DA:390,312478728
DA:391,354013346
DA:400,116451664
DA:401,137024886
DA:407,61719666
LH:25
LF:30
end_of_record
SF:io.jl
DA:238,0
DA:522,0
DA:598,1
DA:616,1
DA:622,1
DA:626,0
DA:627,0
DA:628,0
DA:629,0
DA:631,0
DA:632,0
DA:633,0
DA:634,0
DA:635,0
DA:638,0
DA:845,0
DA:854,4
DA:884,8
DA:893,4
DA:953,0
LH:6
LF:20
end_of_record
SF:/home/chad/.julia/packages/MacroTools/ys44U/src/utils.jl
DA:9,82
DA:44,12
DA:47,29688
DA:48,30392
DA:50,4946
DA:73,2160
DA:74,180
DA:76,5846
DA:80,60
DA:89,15024
DA:90,121
DA:91,142
DA:92,100
DA:102,2
DA:104,1324
DA:105,2422
DA:114,3170
DA:126,6336
DA:222,8
DA:228,8
DA:229,0
DA:230,4
DA:231,0
DA:232,0
DA:234,4
DA:240,526
DA:251,7
DA:256,20
DA:257,4
DA:258,4
DA:260,4
DA:287,8
DA:288,4
DA:291,4
DA:292,4
DA:297,4
DA:298,4
DA:300,4
DA:301,8
DA:302,4
DA:303,4
DA:399,2060
DA:401,20
DA:402,20
DA:403,117
DA:406,20
DA:414,5
LH:44
LF:47
end_of_record
SF:strings/basic.jl
DA:185,1056471
DA:187,276154
DA:193,1194548
DA:205,53599
DA:206,9
DA:230,1
DA:294,107044
DA:456,0
DA:538,4
DA:674,0
DA:690,2
DA:713,2
LH:10
LF:12
end_of_record
SF:Base.jl
DA:13,505
DA:15,117896004
DA:20,5196629626
DA:21,179967
DA:26,8
DA:27,0
DA:28,8
DA:29,0
DA:30,8
DA:31,8
DA:33,8
LH:9
LF:11
end_of_record
SF:/buildworker/worker/package_linux64/build/usr/share/julia/stdlib/v1.2/Random/src/DSFMT.jl
DA:31,2
DA:33,1
DA:55,2
DA:93,0
DA:94,0
DA:95,0
LH:3
LF:6
end_of_record
SF:/home/chad/.julia/packages/MonteCarloMeasurements/cgewI/src/forwarddiff.jl
DA:25,8
DA:26,4
DA:27,4
DA:32,0
LH:3
LF:4
end_of_record
SF:/home/chad/.julia/packages/FFTW/MJ7kl/deps/deps.jl
DA:15,1
DA:16,1
DA:17,0
DA:20,3
DA:21,0
DA:25,1
DA:26,0
DA:29,3
DA:30,0
LH:5
LF:9
end_of_record
SF:/buildworker/worker/package_linux64/build/usr/share/julia/stdlib/v1.2/LinearAlgebra/src/diagonal.jl
DA:9,22
DA:10,22
DA:13,22
DA:75,12
DA:81,1257
DA:159,5
DA:163,139078
DA:445,33
DA:446,11
DA:447,0
DA:448,0
DA:450,0
LH:9
LF:12
end_of_record
SF:/home/chad/.julia/packages/Transducers/Xx1Y9/src/Transducers.jl
DA:1,1
DA:49,3
DA:53,2
DA:59,1
LH:4
LF:4
end_of_record
SF:math.jl
DA:101,235
DA:286,12
DA:340,61719684
DA:486,18
DA:493,1770
DA:494,778118
DA:519,900
DA:576,1254
DA:580,22763
DA:615,18
DA:616,0
DA:617,18
DA:618,0
DA:621,18
DA:623,18
DA:624,0
DA:626,18
DA:627,18
DA:628,18
DA:630,0
DA:632,0
DA:633,0
DA:635,0
DA:636,0
DA:637,0
DA:638,0
DA:649,18
DA:650,18
DA:651,18
DA:652,18
DA:653,18
DA:654,18
DA:655,0
DA:656,0
DA:657,0
DA:659,18
DA:781,900
DA:782,900
DA:783,0
DA:785,900
DA:794,0
LH:26
LF:41
end_of_record
SF:/home/chad/.julia/packages/DynamicHMC/pVyrS/src/mcmc.jl
DA:23,2
DA:54,18
DA:86,2
DA:109,3
DA:136,1
DA:137,1
DA:138,1
DA:139,1
DA:141,1
DA:142,138
DA:143,46
DA:144,92
DA:146,46
DA:148,1
DA:149,1
DA:151,1
DA:152,1
DA:205,20
DA:206,5
DA:207,5
DA:221,5
DA:230,5
DA:241,10
DA:245,14
DA:246,7
DA:247,7
DA:248,7
DA:249,7
DA:250,7
DA:251,7
DA:252,7
DA:253,5
DA:255,14
DA:256,900
DA:257,900
DA:258,900
DA:259,900
DA:260,900
DA:261,900
DA:262,1793
DA:264,7
DA:265,5
DA:268,7
DA:319,1
DA:322,1
DA:323,1
DA:324,1
DA:334,349
DA:349,1
DA:350,1
DA:351,1
DA:352,1
DA:354,1
DA:355,2
DA:356,349
DA:357,348
DA:358,696
DA:360,0
DA:371,11
DA:405,2
DA:441,2
DA:443,1
DA:444,1
DA:445,1
DA:515,2
DA:516,1
DA:517,2
DA:518,1
DA:519,0
DA:568,2
DA:572,0
DA:573,0
LH:68
LF:72
end_of_record
SF:abstractarraymath.jl
DA:41,5
LH:1
LF:1
end_of_record
SF:strings/unicode.jl
DA:243,32
LH:1
LF:1
end_of_record
SF:abstractset.jl
DA:41,8
DA:43,30
DA:111,8
LH:3
LF:3
end_of_record
SF:show.jl
DA:276,0
DA:812,0
LH:0
LF:2
end_of_record
SF:/home/chad/git/jl/Soss/src/iid.jl
DA:8,582267
DA:12,582261
DA:38,12
DA:39,6
DA:40,6
DA:41,212
DA:42,212
DA:44,6
DA:49,582261
DA:50,41728705
DA:52,582261
DA:53,20573222
DA:55,582261
LH:13
LF:13
end_of_record
SF:/home/chad/.julia/packages/MonteCarloMeasurements/cgewI/src/MonteCarloMeasurements.jl
DA:1,3
DA:95,2
LH:2
LF:2
end_of_record
SF:version.jl
DA:156,1
DA:160,1
DA:168,1
LH:3
LF:3
end_of_record
SF:/home/chad/git/jl/Soss/src/statement.jl
DA:6,89
DA:11,133
DA:20,0
DA:43,89
DA:44,67
LH:4
LF:5
end_of_record
SF:number.jl
DA:6,138075
DA:7,690666
DA:40,0
DA:142,22
DA:157,20655372
DA:223,431648516
LH:5
LF:6
end_of_record
SF:/home/chad/.julia/packages/Optim/tAcSy/src/utilities/perform_linesearch.jl
DA:25,0
DA:26,0
DA:27,0
DA:37,36
DA:39,18
DA:40,0
DA:42,18
DA:45,36
DA:48,18
DA:49,18
DA:52,18
DA:53,18
DA:56,18
DA:58,0
DA:59,0
DA:63,0
DA:65,0
LH:9
LF:17
end_of_record
SF:set.jl
DA:6,647
DA:10,123
DA:21,123
DA:23,123
DA:35,16
DA:45,8
DA:46,526
DA:47,2155
DA:48,734
DA:57,0
DA:68,1358
LH:10
LF:11
end_of_record
SF:/home/chad/.julia/packages/LineSearches/WrsMD/src/initialguess.jl
DA:17,18
DA:19,0
DA:21,18
LH:2
LF:3
end_of_record
SF:atomics.jl
DA:67,1
DA:317,63
DA:353,60
DA:394,3
LH:4
LF:4
end_of_record
SF:/home/chad/.julia/packages/MacroTools/ys44U/src/match/match.jl
DA:2,1819
DA:6,3638
DA:9,164
DA:10,82
DA:13,3804
DA:14,977
DA:17,164
DA:21,4706
DA:22,83
DA:28,4154
DA:29,2088
DA:32,166
DA:33,83
DA:34,26
DA:37,132
DA:38,52
DA:39,26
DA:42,312
DA:46,1834
DA:47,83
DA:48,83
DA:49,83
DA:51,83
DA:52,130
DA:55,156
DA:56,26
DA:57,26
DA:60,181
DA:61,22
DA:63,216
DA:64,162
DA:67,45
DA:68,45
DA:71,5692
DA:77,15147
DA:78,11983
DA:79,2869
DA:80,11983
DA:81,6003
DA:88,6314
DA:89,5055
DA:90,4781
DA:91,2846
DA:92,3763
DA:93,3790
DA:94,2846
DA:97,2120
DA:109,4240
DA:110,2120
DA:112,1819
LH:50
LF:50
end_of_record
SF:/home/chad/.julia/packages/ForwardDiff/N0wMF/src/partials.jl
DA:0,12
DA:2,1575397879
DA:10,36
DA:11,12
DA:23,2285902
DA:40,58419919
DA:81,354013346
DA:82,137024886
DA:83,192921864
DA:84,692112098
DA:111,692112098
DA:119,0
DA:154,22
DA:155,11
DA:157,1376072194
DA:177,2
DA:178,1
DA:201,692112228
DA:209,354013398
DA:213,137024912
DA:217,192921890
DA:221,26
LH:21
LF:22
end_of_record
SF:/home/chad/.julia/packages/BenchmarkTools/7aqwe/src/execution.jl
DA:145,2
DA:146,2
DA:147,0
DA:150,2
DA:151,4
DA:152,0
DA:153,0
DA:156,2
DA:157,0
DA:159,2
DA:164,3
DA:165,0
DA:166,0
DA:169,1
DA:173,12
DA:174,2
DA:175,2
DA:176,2
DA:177,0
DA:178,2
DA:180,4
DA:181,0
DA:182,0
DA:184,2
DA:185,6
DA:188,4
DA:192,6
DA:193,2
DA:194,2
DA:195,2
DA:196,2
DA:197,1
DA:198,2
DA:199,3
DA:200,3
DA:201,4
DA:205,1
DA:209,2
DA:210,1
DA:211,1
DA:220,3
DA:223,1
DA:224,1
DA:225,1
DA:226,0
DA:227,0
DA:228,0
DA:229,0
DA:230,0
DA:231,0
DA:232,0
DA:235,1
DA:237,1
DA:238,1
DA:239,1
DA:240,1
DA:241,1
DA:245,1
DA:249,2
DA:252,1
DA:253,1
DA:254,1
DA:257,1
DA:365,2
LH:48
LF:64
end_of_record
SF:/buildworker/worker/package_linux64/build/usr/share/julia/stdlib/v1.2/LinearAlgebra/src/LinearAlgebra.jl
DA:213,12
DA:214,12
DA:215,12
LH:3
LF:3
end_of_record
SF:/home/chad/.julia/packages/ZygoteRules/Jn4LO/src/adjoint.jl
DA:4,14
DA:6,62
DA:7,14
DA:23,28
DA:25,14
DA:26,7
DA:27,7
DA:30,7
DA:31,14
DA:32,7
DA:33,14
DA:34,14
DA:35,7
DA:36,7
DA:37,7
DA:38,7
DA:39,7
DA:40,14
DA:41,14
DA:42,7
DA:43,7
DA:62,14
LH:22
LF:22
end_of_record
SF:/home/chad/git/jl/Soss/src/mix.jl
DA:3,58226132
DA:12,300
DA:14,300
DA:15,600
DA:16,600
DA:17,600
DA:21,300
DA:37,58225832
DA:38,58225832
DA:39,116451664
DA:41,58225832
DA:45,116452264
DA:46,58226132
LH:13
LF:13
end_of_record
SF:strings/substring.jl
DA:54,53601
DA:158,1
DA:179,1
DA:186,1
DA:188,1
DA:189,1
DA:191,1
LH:7
LF:7
end_of_record
SF:essentials.jl
DA:201,388254
DA:228,0
DA:229,0
DA:231,0
DA:235,0
DA:236,0
DA:238,0
DA:303,0
DA:304,18
DA:370,2634735
DA:372,140303
DA:391,721197
DA:395,276277
DA:417,901523
DA:452,120
DA:455,7
DA:477,28
DA:597,0
DA:598,0
DA:599,0
DA:774,1
DA:789,22
DA:790,11
DA:817,2130052
LH:14
LF:24
end_of_record
SF:expr.jl
DA:10,7
DA:15,2
DA:106,3
DA:107,3
LH:4
LF:4
end_of_record
SF:/home/chad/.julia/packages/NLSolversBase/NsXIC/src/NLSolversBase.jl
DA:60,3
LH:1
LF:1
end_of_record
SF:dict.jl
DA:93,0
DA:101,0
DA:102,0
DA:103,0
DA:105,0
DA:117,2121
DA:123,0
DA:171,12720
DA:470,124
DA:476,1688
DA:477,1688
DA:500,70
DA:501,92
DA:545,2424
DA:622,0
DA:623,0
DA:625,0
DA:626,0
DA:627,0
DA:628,0
DA:651,0
DA:652,0
DA:653,0
DA:655,0
DA:659,2643
DA:660,5283
DA:661,12720
DA:662,22800
DA:665,684
DA:668,821
DA:669,313
DA:670,312
DA:672,313
DA:675,3141
DA:677,625
DA:679,2516
DA:681,8
DA:682,526
DA:685,1658
DA:686,6451
DA:687,916
DA:688,545
DA:689,545
LH:27
LF:43
end_of_record
SF:filesystem.jl
DA:88,0
DA:91,0
DA:92,0
DA:219,0
DA:220,0
LH:0
LF:5
end_of_record
SF:/home/chad/.julia/packages/LogDensityProblems/2UHo5/src/AD_ForwardDiff.jl
DA:9,2
DA:18,1
DA:21,215653
DA:24,2
DA:44,4
DA:48,21566
DA:49,21566
DA:50,43132
DA:51,21565
LH:9
LF:9
end_of_record
SF:/home/chad/git/jl/Soss/src/dynamicHMC.jl
DA:10,194091
DA:12,1
DA:13,1
DA:14,1
DA:15,1
DA:16,0
LH:5
LF:6
end_of_record
SF:tuple.jl
DA:24,14924974610
DA:43,1878530
DA:63,353808190
DA:64,20
DA:78,20767310
DA:139,176975551
DA:140,777196
DA:158,15
DA:192,1
DA:198,1
DA:220,60
DA:248,60
DA:267,117757286
DA:271,58878771
DA:272,58878771
DA:273,76
DA:277,58878695
DA:385,582261
DA:399,65994
DA:402,131988
LH:20
LF:20
end_of_record
SF:reshapedarray.jl
DA:41,5
DA:44,5
DA:45,0
DA:51,5
DA:112,582261
DA:115,5
DA:167,582261
DA:168,582261
DA:169,582261
DA:170,582261
LH:9
LF:10
end_of_record
SF:path.jl
DA:133,8
DA:162,2
DA:177,6
DA:263,9
LH:4
LF:4
end_of_record
SF:/home/chad/.julia/packages/NLSolversBase/NsXIC/src/objective_types/incomplete.jl
DA:10,2
DA:16,1
DA:24,1
DA:39,46
DA:42,1
DA:44,1
DA:45,93
LH:7
LF:7
end_of_record
SF:iobuffer.jl
DA:19,46
DA:20,46
DA:27,0
DA:31,0
DA:112,20
DA:136,0
DA:141,46
DA:143,46
DA:144,46
DA:145,46
DA:208,0
DA:209,0
DA:210,0
DA:211,0
DA:212,0
DA:214,0
DA:215,0
DA:216,0
DA:220,0
DA:221,0
DA:222,0
DA:224,0
DA:235,3
DA:236,67
DA:246,38
DA:247,0
DA:248,0
DA:254,38
DA:255,38
DA:259,0
DA:330,13
DA:464,0
DA:469,3
DA:470,3
DA:471,3
LH:16
LF:35
end_of_record
SF:/home/chad/.julia/packages/Plots/h3o4c/src/themes.jl
DA:7,0
DA:8,0
DA:34,0
LH:0
LF:3
end_of_record
SF:/home/chad/.julia/packages/Zygote/bdE6T/src/Zygote.jl
DA:1,6
LH:1
LF:1
end_of_record
SF:/buildworker/worker/package_linux64/build/usr/share/julia/stdlib/v1.2/Statistics/src/Statistics.jl
DA:101,10
DA:102,10
DA:103,10
DA:104,5
DA:132,5
DA:134,5
DA:194,0
DA:197,0
DA:202,10
DA:203,10
DA:204,5
DA:206,5
DA:207,0
DA:208,0
DA:209,0
DA:210,0
DA:211,0
DA:213,0
DA:215,5
DA:216,5
DA:217,5
DA:218,0
DA:219,0
DA:220,0
DA:221,0
DA:222,0
DA:223,0
DA:224,0
DA:226,0
DA:229,10
DA:230,775
DA:231,775
DA:232,82150
DA:236,5
DA:240,10
DA:241,0
DA:243,5
DA:244,5
DA:245,5
DA:247,5
DA:272,5
DA:274,5
DA:310,5
DA:312,10
DA:689,5
DA:730,10
DA:732,535
DA:733,5
DA:735,5
DA:736,5
DA:737,0
DA:739,5
DA:740,5
DA:787,10
DA:791,5
LH:37
LF:55
end_of_record
SF:refvalue.jl
DA:8,198113
DA:10,94
DA:15,198013
DA:17,0
DA:25,198013
DA:32,187
DA:33,19
LH:6
LF:7
end_of_record
SF:cartesian.jl
DA:62,1552692
DA:64,58225833
DA:65,116839836
LH:3
LF:3
end_of_record
SF:/home/chad/.julia/packages/Optim/tAcSy/src/types.jl
DA:44,2
DA:120,1
DA:123,1
DA:126,1
DA:129,1
DA:152,0
DA:156,1
DA:167,1
DA:200,1
DA:201,1
LH:9
LF:10
end_of_record
SF:coreio.jl
DA:5,0
LH:0
LF:1
end_of_record
SF:/home/chad/.julia/packages/BangBang/B2vBR/src/NoBang/NoBang.jl
DA:1,3
DA:17,2
LH:2
LF:2
end_of_record
SF:/home/chad/.julia/packages/GeneralizedGenerated/x3uMp/src/closure_conv.jl
DA:5,6
DA:6,105
DA:7,0
DA:9,21
DA:10,63
DA:11,0
DA:12,0
DA:14,21
DA:15,63
DA:16,0
DA:17,0
DA:18,63
DA:19,0
DA:20,0
DA:23,54
DA:24,15
DA:26,6
DA:27,6
DA:29,0
DA:32,21
DA:35,3
DA:36,10
DA:42,8
DA:43,10
DA:44,0
DA:45,0
DA:46,0
DA:48,15
DA:49,10
DA:50,5
DA:56,0
DA:57,0
DA:61,0
DA:62,0
DA:67,0
DA:71,3
DA:73,10
DA:74,5
DA:75,36
DA:76,0
DA:77,0
DA:78,0
DA:80,41
DA:84,5
DA:87,3
DA:88,10
DA:89,5
DA:90,5
DA:91,11
DA:92,15
DA:93,5
DA:94,5
DA:95,5
DA:96,5
DA:97,5
DA:98,5
DA:99,5
DA:100,5
DA:101,2
DA:102,194090
DA:104,5
DA:105,0
DA:106,0
DA:108,5
DA:110,0
DA:115,0
DA:119,294
DA:120,147
DA:121,87
DA:122,0
DA:124,87
DA:128,232
DA:129,128
DA:134,3
DA:138,6
DA:142,0
DA:143,0
DA:145,0
DA:155,582276
DA:166,3
DA:167,3
LH:54
LF:81
end_of_record
SF:/home/chad/.julia/packages/CategoricalArrays/ucKV2/src/CategoricalArrays.jl
DA:2,1
DA:27,2
LH:2
LF:2
end_of_record
SF:int.jl
DA:49,484761616
DA:51,133584
DA:52,22242672
DA:53,484614930
DA:54,1454167
DA:59,2
DA:75,5
DA:91,0
DA:93,20598772
DA:96,0
DA:136,0
DA:176,0
DA:216,284
DA:217,284
DA:228,21861
DA:229,21571
DA:231,0
DA:237,284
DA:238,284
DA:270,0
DA:293,445007
DA:316,18
DA:317,284
DA:367,0
DA:406,0
DA:423,159936
DA:424,5263989
DA:425,2112960
DA:428,141614
DA:429,133683
DA:430,6710
DA:437,60
DA:438,1190091
DA:439,1195162
DA:440,5011
DA:444,133662
DA:446,1056489
DA:448,5011
DA:454,1249
DA:456,300
DA:459,32
DA:461,0
DA:464,59791
DA:495,133613
DA:872,431
DA:874,338214
LH:37
LF:46
end_of_record
SF:/home/chad/.julia/packages/MacroTools/ys44U/src/match/union.jl
DA:10,54
DA:11,27
LH:2
LF:2
end_of_record
SF:/buildworker/worker/package_linux64/build/usr/share/julia/stdlib/v1.2/Libdl/src/Libdl.jl
DA:122,6
LH:1
LF:1
end_of_record
SF:/home/chad/.julia/packages/DiffEqDiffTools/qCskj/src/iteration_utils.jl
DA:24,3
DA:84,1
LH:2
LF:2
end_of_record
SF:/home/chad/.julia/packages/DynamicHMC/pVyrS/src/hamiltonian.jl
DA:61,12
DA:62,6
DA:78,12
DA:85,2
DA:94,8
DA:101,48024
DA:108,88552
DA:115,43036
DA:122,2498
DA:145,8
DA:146,8
DA:171,21519
DA:172,21519
DA:193,64560
DA:194,21519
DA:195,21517
DA:197,2
DA:213,22766
DA:214,22766
DA:234,24014
DA:235,24016
DA:236,24012
DA:237,24012
DA:241,22758
DA:258,43036
DA:259,21518
DA:260,21518
DA:261,43036
DA:262,43036
DA:263,21518
DA:264,43034
DA:265,21517
LH:32
LF:32
end_of_record
SF:/home/chad/git/jl/Soss/src/dependencies.jl
DA:3,126
DA:5,63
DA:6,67
DA:7,233
DA:10,63
DA:11,146
DA:12,0
DA:16,63
DA:17,202
DA:18,137
DA:22,63
DA:29,63
LH:11
LF:12
end_of_record
SF:/home/chad/.julia/packages/SimpleGraphs/5Pnce/src/d_simple_core.jl
DA:20,63
DA:21,63
DA:22,63
DA:23,63
DA:85,126
DA:86,0
DA:88,126
DA:89,0
DA:91,63
DA:100,63
DA:101,63
DA:201,450
DA:205,348
DA:206,0
DA:208,174
DA:209,174
DA:210,174
DA:211,174
DA:216,352
DA:217,0
DA:219,176
DA:220,39
DA:222,137
DA:223,0
DA:225,137
DA:226,0
DA:228,137
DA:229,137
DA:230,137
DA:235,0
DA:236,0
DA:238,0
DA:239,0
DA:240,0
DA:262,126
DA:263,126
DA:264,348
DA:265,311
DA:268,63
DA:269,63
DA:270,63
DA:273,63
LH:31
LF:42
end_of_record
SF:regex.jl
DA:166,2261
DA:275,160841
DA:290,160841
LH:3
LF:3
end_of_record
SF:parse.jl
DA:240,10
LH:1
LF:1
end_of_record
SF:/home/chad/git/jl/Soss/src/model.jl
DA:10,240
DA:23,120
DA:24,60
DA:25,60
DA:26,60
DA:30,6
DA:31,3
DA:32,3
DA:43,60
DA:44,30
DA:45,30
DA:46,30
DA:48,30
DA:53,16
DA:54,32
DA:55,0
DA:59,28
DA:60,28
DA:61,28
DA:62,20
DA:63,4
DA:64,4
DA:65,0
DA:66,0
DA:69,0
DA:75,0
DA:76,0
DA:77,0
DA:87,8
DA:88,4
DA:89,4
DA:93,312
DA:95,12
DA:113,2
DA:120,120
DA:121,60
DA:122,0
DA:123,60
DA:124,60
DA:127,60
DA:129,64
DA:130,212
DA:133,60
DA:135,60
DA:136,60
DA:140,60
DA:145,60
DA:173,4
DA:180,6
DA:198,348
DA:199,101
LH:43
LF:51
end_of_record
SF:operators.jl
DA:83,21884
DA:163,0
DA:167,0
DA:193,118290261
DA:268,4
DA:294,118790726
DA:317,2
DA:341,1016091
DA:346,4
DA:451,57
DA:475,38
DA:476,57
DA:477,38
DA:480,19
DA:481,19
DA:483,19
DA:516,1
DA:529,2380
DA:777,852
DA:854,582331
DA:894,0
DA:924,245117
DA:928,59
DA:939,245113
DA:1051,4
DA:1055,15592
DA:1056,16324
DA:1059,16321
DA:1060,18768
DA:1063,15283
LH:27
LF:30
end_of_record
SF:c.jl
DA:162,0
DA:164,6
DA:169,6
DA:186,6
DA:190,6
DA:193,0
DA:234,0
DA:424,7
DA:425,14
LH:6
LF:9
end_of_record
SF:error.jl
DA:112,2
DA:134,8
LH:2
LF:2
end_of_record
SF:pair.jl
DA:12,84
DA:15,84
DA:49,57
DA:50,564
DA:66,2
DA:67,2
LH:6
LF:6
end_of_record
SF:/buildworker/worker/package_linux64/build/usr/share/julia/stdlib/v1.2/Random/src/generation.jl
DA:19,1
DA:35,3144
DA:119,153118
LH:3
LF:3
end_of_record
SF:namedtuple.jl
DA:91,175
DA:92,0
DA:104,194087
DA:216,388176
DA:264,194087
DA:287,0
LH:4
LF:6
end_of_record
SF:/home/chad/.julia/packages/Optim/tAcSy/src/utilities/maxdiff.jl
DA:2,39
DA:3,78
DA:4,4134
DA:5,4134
DA:6,8229
DA:9,39
LH:6
LF:6
end_of_record
SF:/home/chad/git/jl/Soss/src/for.jl
DA:10,58420220
DA:14,194088
DA:26,602
DA:52,388176
DA:54,582259
DA:55,58225833
DA:57,194086
LH:7
LF:7
end_of_record
SF:boot.jl
DA:216,0
DA:223,153
DA:287,0
DA:303,0
DA:326,1
DA:330,14
DA:338,316
DA:339,183
DA:355,0
DA:365,73
DA:386,1
DA:404,117184094
DA:406,10
DA:413,117105536
DA:414,10
DA:418,1313
DA:421,58878006
DA:423,55352
DA:435,53608
DA:469,1
DA:549,246056
DA:553,440144
DA:564,411700
DA:574,411700
DA:575,411700
DA:580,2
DA:581,2
DA:582,2
DA:583,2
DA:588,245117
DA:589,245117
DA:590,245117
DA:591,245117
DA:619,0
DA:621,3
DA:624,2
DA:626,12
DA:629,152
DA:632,0
DA:634,0
DA:635,133602
DA:637,305
DA:652,245103
DA:674,14
DA:676,1056471
DA:684,0
DA:685,278096
DA:689,7528
DA:709,17
DA:710,134059
DA:712,245103
DA:714,1056485
DA:715,285624
DA:721,120584355
DA:726,2634735
LH:47
LF:55
end_of_record
SF:/home/chad/.julia/packages/NLSolversBase/NsXIC/src/interface.jl
DA:7,0
DA:8,0
DA:9,0
DA:10,0
DA:50,1
DA:51,0
DA:53,1
DA:61,0
DA:62,0
DA:63,0
DA:64,0
DA:68,108
DA:69,45
DA:70,18
DA:71,0
DA:72,18
DA:73,0
DA:75,63
DA:78,92
DA:79,46
DA:80,46
DA:81,46
DA:82,46
DA:83,46
DA:101,220
DA:103,357
LH:15
LF:26
end_of_record
SF:/home/chad/.julia/packages/SimplePosets/znhIU/src/SimplePosets.jl
DA:39,126
DA:40,63
DA:41,63
DA:147,348
DA:153,274
DA:154,0
DA:156,137
DA:157,0
DA:159,274
DA:160,0
DA:163,137
DA:164,137
DA:166,137
DA:167,137
DA:169,137
DA:170,137
DA:171,313
DA:174,137
DA:215,548
DA:218,274
DA:227,137
DA:228,0
DA:230,137
DA:238,137
DA:239,0
DA:241,137
LH:21
LF:26
end_of_record
SF:/home/chad/.julia/packages/StatsFuns/2QE7p/src/distrs/beta.jl
DA:19,41146444
LH:1
LF:1
end_of_record
SF:/home/chad/.julia/packages/DynamicHMC/pVyrS/src/DynamicHMC.jl
DA:37,86785
DA:38,41519
LH:2
LF:2
end_of_record
SF:/home/chad/git/jl/Soss/src/utils.jl
DA:9,30
DA:10,90
DA:22,476
DA:25,202
DA:26,647
DA:28,222
DA:29,101
DA:30,529
DA:32,101
DA:35,0
DA:36,146
DA:40,123
DA:43,126
DA:61,126
DA:66,202
DA:67,2267
DA:68,529
DA:69,869
DA:73,101
DA:131,11
DA:133,3
DA:134,30
DA:135,36
DA:139,3
DA:148,3
DA:187,4
DA:188,2
DA:189,2
DA:192,2
DA:193,0
DA:195,2
DA:196,5
DA:199,6
DA:233,10
LH:32
LF:34
end_of_record
SF:multidimensional.jl
DA:64,1060
DA:67,1060
DA:96,300
DA:338,15
DA:339,0
DA:341,15
DA:344,785
DA:345,800
DA:346,770
DA:358,785
DA:359,785
DA:397,1060
DA:480,0
DA:486,287955
DA:488,83210
DA:626,870
DA:632,40445
DA:1431,4
DA:1433,2
LH:17
LF:19
end_of_record
SF:array.jl
DA:12,0
DA:129,325
DA:130,116453084
DA:151,1
DA:154,5
DA:155,235529343
DA:156,777186
DA:200,1659508
DA:201,120
DA:202,1
DA:226,138078
DA:228,138078
DA:242,60
DA:243,60
DA:245,0
DA:255,60
DA:258,60
DA:259,60
DA:260,0
DA:287,257
DA:309,47
DA:313,4
DA:315,1
DA:317,197
DA:318,10
DA:344,2
DA:345,2
DA:346,22
DA:348,2
DA:351,53626
DA:353,270
DA:357,2
DA:358,2
DA:359,6
DA:361,2
DA:363,83
DA:393,1
DA:395,2
DA:440,1
DA:441,173
DA:442,1
DA:445,174
DA:446,174
DA:474,0
DA:482,0
DA:517,402
DA:544,402
DA:546,60
DA:548,582662
DA:550,402
DA:562,60
DA:598,58226953
DA:704,8041
DA:728,412641274
DA:729,58473342
DA:734,60
DA:735,60
DA:736,60
DA:737,60
DA:738,60
DA:740,60
DA:766,269962538
DA:768,83210
DA:809,1
DA:811,1532
DA:813,1
DA:820,239
DA:853,1171
DA:854,1171
DA:855,1171
DA:859,302
DA:860,302
DA:861,302
DA:892,16
DA:894,16
DA:895,16
DA:896,16
DA:899,0
DA:1001,43
DA:1002,43
DA:1003,43
DA:1004,0
DA:1005,0
DA:1006,0
DA:1008,0
DA:1010,43
DA:1021,63
DA:1022,63
DA:1061,239
DA:1062,0
DA:1064,239
DA:1065,239
DA:1066,239
DA:1088,1
DA:1089,1
DA:1090,1
DA:1151,1
DA:1153,1
DA:1154,1
DA:1451,67
DA:1465,67
DA:1687,60
DA:1689,60
DA:1690,59
DA:1691,59
DA:1692,0
DA:1694,0
DA:1696,0
DA:1742,245222
DA:1877,1
DA:1878,1
DA:1879,1
DA:1880,2
DA:1881,0
DA:1883,0
DA:1885,0
DA:1928,6
DA:2367,1286
DA:2372,123
DA:2382,123
DA:2408,123
DA:2412,123
DA:2413,123
DA:2417,123
LH:107
LF:124
end_of_record
SF:file.jl
DA:207,1
LH:1
LF:1
end_of_record
SF:/buildworker/worker/package_linux64/build/usr/share/julia/stdlib/v1.2/REPL/src/LineEdit.jl
DA:22,1
DA:65,42
DA:97,0
DA:98,0
DA:99,0
DA:100,0
DA:101,0
DA:105,19
DA:109,19
DA:110,38
DA:127,93
DA:134,3
DA:136,1
DA:155,56
DA:193,102
DA:194,0
DA:195,0
DA:197,34
DA:198,34
DA:208,66
DA:214,28
DA:215,14
DA:234,33
DA:245,34
DA:248,95
DA:249,17
DA:250,0
DA:251,0
DA:252,0
DA:256,34
DA:260,17
DA:264,17
DA:265,17
DA:271,2
DA:272,2
DA:273,2
DA:275,2
DA:276,14
DA:277,14
DA:278,56
DA:280,14
DA:281,14
DA:283,12
DA:289,2
DA:290,1
DA:291,2
DA:292,1
DA:294,1
DA:295,1
DA:296,1
DA:297,1
DA:298,7
DA:299,7
DA:300,2
DA:301,2
DA:304,1
DA:307,1
DA:308,0
DA:314,4
DA:315,4
DA:316,2
DA:318,0
DA:319,0
DA:324,4
DA:325,2
DA:326,4
DA:329,0
DA:330,2
DA:332,0
DA:333,0
DA:334,0
DA:336,2
DA:337,4
DA:340,1
DA:341,1
DA:342,1
DA:343,1
DA:344,1
DA:347,2
DA:350,27
DA:374,57
DA:375,24
DA:380,38
DA:382,19
DA:386,19
DA:388,38
DA:391,19
DA:396,19
DA:398,51
DA:399,32
DA:400,32
DA:402,32
DA:403,32
DA:404,32
DA:406,32
DA:408,32
DA:409,32
DA:410,32
DA:413,32
DA:414,32
DA:416,64
DA:417,19
DA:418,38
DA:419,19
DA:420,19
DA:423,19
DA:425,0
DA:426,0
DA:427,0
DA:429,0
DA:431,0
DA:435,32
DA:436,32
DA:438,19
DA:442,19
DA:443,19
DA:444,0
DA:448,19
DA:450,19
DA:454,0
DA:455,0
DA:456,0
DA:458,0
DA:459,0
DA:460,0
DA:462,0
DA:466,52
DA:467,13
DA:468,13
DA:470,13
DA:472,13
DA:541,0
DA:660,8
DA:661,2
DA:662,2
DA:663,2
DA:665,2
DA:666,1
DA:667,1
DA:668,1
DA:672,4
DA:675,0
DA:676,2
DA:677,0
DA:679,2
DA:680,2
DA:681,2
DA:682,2
DA:688,26
DA:689,13
DA:691,26
DA:692,0
DA:693,0
DA:694,0
DA:695,0
DA:697,0
DA:700,0
DA:704,0
DA:705,0
DA:711,13
DA:712,13
DA:713,13
DA:715,13
DA:720,13
DA:722,0
DA:727,0
DA:728,0
DA:731,0
DA:732,0
DA:739,0
DA:740,0
DA:741,0
DA:742,0
DA:743,0
DA:744,0
DA:746,0
DA:750,0
DA:751,0
DA:752,0
DA:755,0
DA:756,0
DA:765,4
DA:766,1
DA:767,1
DA:769,0
DA:770,0
DA:777,0
DA:779,26
DA:787,2
DA:790,1
DA:791,1
DA:792,1
DA:793,1
DA:794,1
DA:795,0
DA:796,0
DA:797,0
DA:798,0
DA:799,0
DA:800,0
DA:801,0
DA:802,0
DA:803,0
DA:809,1
DA:810,1
DA:825,0
DA:826,0
DA:827,0
DA:828,0
DA:829,0
DA:913,0
DA:965,0
DA:966,0
DA:967,0
DA:968,0
DA:970,0
DA:971,0
DA:1121,6
DA:1199,12
DA:1226,23
DA:1227,30
DA:1232,19
DA:1235,38
DA:1236,38
DA:1237,19
DA:1238,19
DA:1239,19
DA:1240,19
DA:1241,19
DA:1242,19
DA:1247,62
DA:1248,31
DA:1249,31
DA:1256,1
DA:1327,1
DA:1356,6
DA:1357,3
DA:1358,1
DA:1360,2
DA:1536,4
DA:1537,4
DA:1590,2
DA:1594,0
DA:1615,0
DA:1635,1
DA:1651,2
DA:1663,131
DA:1664,62
DA:1667,62
DA:1668,31
DA:1671,0
DA:1680,1
DA:1689,0
DA:1723,0
DA:1724,0
DA:1725,0
DA:1726,0
DA:1727,0
DA:1728,0
DA:1729,0
DA:1730,0
DA:1731,0
DA:1732,0
DA:1733,0
DA:1735,0
DA:1736,0
DA:1739,234
DA:1741,79
DA:1742,14
DA:1819,1
DA:1820,1
DA:1894,2
DA:1895,1
DA:1899,1
DA:1910,0
DA:1946,18
DA:1947,12
DA:1948,6
DA:1949,6
DA:1950,12
DA:1951,6
DA:1952,12
DA:1953,6
DA:1957,15
DA:1958,6
DA:1959,3
DA:1960,3
DA:1961,3
DA:1962,3
DA:1963,3
DA:1965,3
DA:1973,4
DA:1974,2
DA:1975,2
DA:1976,2
DA:1977,2
DA:1987,6
DA:1988,0
DA:1989,0
DA:1990,0
DA:1991,0
DA:2015,6
DA:2016,1
DA:2017,1
DA:2018,1
DA:2020,0
DA:2021,0
DA:2028,4
DA:2030,3
DA:2031,3
DA:2032,3
DA:2033,3
DA:2035,0
DA:2040,2
DA:2046,1
DA:2047,1
DA:2048,0
DA:2050,1
DA:2103,1
DA:2104,1
DA:2105,1
DA:2108,2
DA:2109,2
DA:2110,1
DA:2111,1
DA:2112,1
DA:2113,1
DA:2190,1
DA:2191,1
DA:2192,1
DA:2200,1
DA:2209,12
DA:2210,6
DA:2211,6
DA:2225,16
DA:2226,8
DA:2227,1
DA:2228,1
DA:2230,7
DA:2231,1
DA:2232,1
DA:2234,12
DA:2235,0
DA:2237,6
DA:2238,6
DA:2239,12
DA:2240,6
DA:2241,6
DA:2242,12
DA:2243,6
DA:2244,6
DA:2246,8
DA:2261,14
DA:2262,42
DA:2280,8
DA:2310,33
DA:2312,0
DA:2315,1
DA:2326,101
DA:2327,43
DA:2328,43
DA:2329,43
DA:2336,0
DA:2337,0
DA:2338,0
LH:252
LF:365
end_of_record
SF:/home/chad/.julia/packages/DiffRules/Dopqa/src/rules.jl
DA:77,21156642
LH:1
LF:1
end_of_record
SF:/home/chad/.julia/packages/NNlib/mxWRT/src/NNlib.jl
DA:1,1
LH:1
LF:1
end_of_record
SF:/home/chad/.julia/packages/Distributions/Iltex/src/utils.jl
DA:5,116452902
DA:6,0
LH:1
LF:2
end_of_record
SF:/buildworker/worker/package_linux64/build/usr/share/julia/stdlib/v1.2/REPL/src/REPL.jl
DA:72,1
DA:106,2
DA:107,1
DA:121,1
DA:139,12
DA:140,12
DA:141,6
DA:142,6
DA:145,14
DA:146,7
DA:147,7
DA:148,7
DA:149,7
DA:150,7
DA:151,1
DA:153,6
DA:154,0
DA:155,0
DA:156,0
DA:158,0
DA:161,0
DA:162,0
DA:166,7
DA:168,1
DA:169,1
DA:170,1
DA:171,1
DA:172,1
DA:176,0
DA:177,0
DA:180,1
DA:182,0
DA:183,0
DA:186,7
DA:187,7
DA:213,0
DA:264,1
DA:302,2
DA:334,2
DA:338,6
DA:339,6
DA:353,1
DA:354,1
DA:360,4
DA:361,2
DA:362,2
DA:363,2
DA:382,2
DA:392,2
DA:396,0
DA:402,0
DA:407,735312
DA:408,245103
DA:409,490206
DA:410,245103
DA:412,1
DA:416,2
DA:417,1
DA:419,53518
DA:421,53518
DA:422,107035
DA:423,53517
DA:424,107034
DA:426,321102
DA:427,160551
DA:428,160551
DA:429,107034
DA:430,53517
DA:432,107034
DA:433,107034
DA:435,107034
DA:437,107034
DA:439,107034
DA:441,53517
DA:442,276138
DA:443,276138
DA:444,138069
DA:445,138068
DA:446,138068
DA:447,138068
DA:448,84552
DA:449,84552
DA:451,53517
DA:452,53517
DA:454,2
DA:455,1
DA:456,1
DA:468,16
DA:469,8
DA:470,16
DA:471,16
DA:473,7
DA:474,7
DA:475,7
DA:476,7
DA:482,14
DA:483,7
DA:484,7
DA:485,7
DA:680,1
DA:681,1
DA:682,1
DA:684,1
DA:689,9
DA:690,3
DA:696,6
DA:704,5
DA:705,21
DA:706,1
DA:708,6
DA:709,6
DA:710,6
DA:712,6
DA:713,6
DA:714,6
DA:716,0
DA:718,6
DA:720,6
DA:721,6
DA:722,6
DA:727,12
DA:728,6
DA:736,1
DA:738,5
DA:739,1
DA:740,1
DA:741,2
DA:744,1
DA:757,6
DA:768,2
DA:803,2
DA:806,1
DA:816,1
DA:826,1
DA:846,1
DA:849,1
DA:850,1
DA:851,1
DA:852,1
DA:853,1
DA:854,1
DA:857,1
DA:859,0
DA:860,0
DA:861,0
DA:862,0
DA:865,1
DA:866,1
DA:867,1
DA:868,1
DA:870,13
DA:873,2
DA:874,1
DA:877,1
DA:878,0
DA:881,1
DA:904,3
DA:905,3
DA:906,3
DA:907,3
DA:908,3
DA:909,3
DA:910,3
DA:911,3
DA:913,3
DA:915,3
DA:919,0
DA:920,0
DA:922,6
DA:923,3
DA:924,3
DA:925,3
DA:928,6
DA:929,5
DA:932,7
DA:933,2
DA:934,2
DA:938,5
DA:940,0
DA:942,5
DA:943,0
DA:944,0
DA:945,0
DA:947,0
DA:950,5
DA:951,10
DA:955,2
DA:956,2
DA:959,0
DA:961,2
DA:962,0
DA:964,2
DA:965,2
DA:966,2
DA:969,3
DA:970,3
DA:971,3
DA:972,0
DA:975,3
DA:976,3
DA:978,3
DA:979,3
DA:980,6
DA:981,3
DA:982,6
DA:985,6
DA:1009,1
DA:1011,6
DA:1012,1
DA:1014,1
DA:1016,1
DA:1018,6
DA:1019,1
DA:1021,1
DA:1023,1
DA:1024,1
DA:1056,0
DA:1066,12
DA:1067,6
DA:1074,3
DA:1075,0
DA:1077,0
DA:1079,0
DA:1080,0
DA:1082,0
DA:1084,0
DA:1085,0
DA:1087,0
DA:1089,0
DA:1090,0
DA:1092,0
DA:1095,0
DA:1096,0
DA:1098,0
DA:1100,0
DA:1102,0
DA:1106,0
DA:1109,3
DA:1111,3
LH:192
LF:239
end_of_record
SF:generator.jl
DA:32,1165596
LH:1
LF:1
end_of_record
SF:condition.jl
DA:68,1
LH:1
LF:1
end_of_record
SF:/buildworker/worker/package_linux64/build/usr/share/julia/stdlib/v1.2/Pkg/ext/TOML/src/TOML.jl
DA:16,606
DA:17,606
DA:18,1356
DA:19,83
DA:20,1273
DA:21,187
DA:23,3495
DA:26,303
LH:8
LF:8
end_of_record
SF:env.jl
DA:39,6
DA:42,0
DA:43,0
DA:47,3
DA:79,0
DA:82,6
DA:86,3
LH:4
LF:7
end_of_record
SF:/home/chad/.julia/packages/Distributions/Iltex/src/samplers/gamma.jl
DA:10,234
DA:23,468
DA:26,234
DA:27,234
DA:28,234
DA:29,234
DA:32,234
DA:33,234
DA:44,234
DA:45,16
DA:47,16
DA:48,218
DA:49,218
DA:50,218
DA:51,218
DA:55,0
DA:58,234
DA:62,38
DA:63,19
DA:64,18
DA:66,1
DA:81,474
DA:82,234
DA:83,234
DA:86,111
DA:87,111
DA:90,7
DA:92,7
DA:94,7
DA:99,12
DA:102,12
DA:103,12
DA:104,12
DA:105,12
DA:107,12
DA:111,12
DA:114,17
DA:118,7
DA:119,7
DA:199,0
DA:204,0
DA:206,0
DA:209,0
DA:210,0
DA:211,0
LH:38
LF:45
end_of_record
SF:/home/chad/.julia/packages/DynamicHMC/pVyrS/src/trees.jl
DA:20,6260
DA:23,1249
DA:32,5011
DA:33,7528
DA:128,42730
DA:129,10759
DA:131,10606
DA:137,21254
DA:138,21254
DA:139,30092
DA:140,21254
DA:152,21254
DA:173,1248
DA:177,6
DA:224,76184
DA:225,38092
DA:226,32202
DA:227,43024
DA:228,21515
DA:229,6
DA:231,21509
DA:235,16576
DA:236,16575
DA:237,16505
DA:240,16505
DA:241,16504
DA:242,16504
DA:243,16472
DA:246,16472
DA:247,32880
DA:250,24607
DA:251,16361
DA:275,2498
DA:276,2498
DA:279,1249
DA:281,5011
DA:282,7528
DA:283,5011
DA:285,5010
DA:288,5127
DA:291,4893
DA:294,4893
DA:295,2463
DA:301,5485
DA:303,4893
DA:306,4893
DA:307,9885
DA:309,1248
LH:48
LF:48
end_of_record
SF:/home/chad/.julia/packages/IRTools/pgYVw/src/IRTools.jl
DA:25,2
LH:1
LF:1
end_of_record
SF:checked.jl
DA:132,584424
DA:165,584424
DA:166,584424
DA:167,584424
DA:194,584424
DA:222,584424
DA:223,584424
DA:224,584424
LH:8
LF:8
end_of_record
SF:/home/chad/.julia/packages/DynamicHMC/pVyrS/src/stepsize.jl
DA:73,2
DA:74,1
DA:75,1
DA:76,1
DA:78,2
DA:79,1
DA:80,1
DA:81,1
DA:82,1
DA:85,0
DA:89,0
DA:90,0
DA:108,0
DA:109,0
DA:110,0
DA:111,0
DA:112,0
DA:113,0
DA:114,0
DA:115,0
DA:116,0
DA:118,0
DA:121,0
DA:125,0
DA:162,1800
DA:182,4
DA:214,1
DA:219,2
DA:224,1814
DA:237,7
DA:238,7
DA:239,7
DA:250,900
DA:251,900
DA:252,900
DA:253,900
DA:254,900
DA:255,900
DA:256,900
DA:257,900
DA:265,1800
DA:272,14
LH:27
LF:42
end_of_record
SF:float.jl
DA:60,139766
DA:66,19534
DA:73,7528
DA:256,903
DA:271,903
DA:304,20
DA:359,18
DA:368,20
DA:387,2397391970
DA:395,4843185392
DA:397,2228124030
DA:399,8415871930
DA:401,431720899
DA:404,1880
DA:448,233145147
DA:450,123471172
DA:452,116637528
DA:454,232906155
DA:481,0
DA:482,233079909
DA:484,0
DA:488,19
DA:492,22195
DA:497,41647
DA:501,901
DA:522,20581738
DA:529,123471172
DA:547,233079829
DA:557,17
DA:561,0
DA:564,0
DA:607,9
DA:608,9
DA:609,9
DA:610,9
DA:619,9
DA:620,0
DA:621,0
DA:622,0
DA:624,0
DA:627,9
DA:628,0
DA:630,9
DA:634,9
DA:635,0
DA:637,9
DA:646,18
DA:693,20
DA:694,20
DA:696,0
DA:738,36
DA:847,18
DA:849,9
LH:42
LF:53
end_of_record
SF:/home/chad/.julia/packages/SimpleGraphs/5Pnce/src/simple_core.jl
DA:171,126
DA:184,1446
DA:247,63
DA:248,63
DA:249,63
DA:250,63
DA:252,122
DA:253,289
DA:256,63
DA:264,126
DA:265,63
DA:266,63
DA:269,63
LH:13
LF:13
end_of_record
SF:abstractdict.jl
DA:12,0
DA:17,39
DA:40,6
DA:44,20
DA:98,3
DA:123,10
DA:509,0
DA:527,0
DA:566,0
DA:567,0
DA:583,31
DA:584,0
DA:585,0
DA:587,31
DA:588,31
DA:589,31
DA:590,31
DA:594,94
DA:595,188
DA:598,150
DA:599,75
DA:600,75
DA:604,0
DA:605,0
DA:606,0
DA:607,0
DA:609,0
DA:610,0
DA:611,0
DA:622,0
DA:623,0
DA:637,7
DA:665,38
LH:17
LF:33
end_of_record
SF:/home/chad/.julia/packages/Distributions/Iltex/src/genericrand.jl
DA:22,1036
LH:1
LF:1
end_of_record
SF:/home/chad/.julia/packages/GeneralizedGenerated/x3uMp/src/typeable.jl
DA:8,391
DA:16,2318
DA:17,1159
DA:21,391
DA:22,389
DA:30,2185
DA:32,1932
DA:40,885
DA:42,897
DA:43,5256
DA:63,2655
DA:64,885
DA:65,885
DA:66,885
DA:75,4
DA:76,4
DA:77,2
DA:83,132
DA:84,66
DA:85,66
DA:126,120
DA:127,60
DA:128,119
DA:129,60
DA:131,1
DA:132,1
DA:134,60
DA:136,60
DA:142,60
DA:145,60
LH:30
LF:30
end_of_record
SF:/home/chad/.julia/packages/Optim/tAcSy/src/multivariate/optimize/optimize.jl
DA:4,54
DA:6,18
DA:25,1
DA:26,1
DA:33,4
DA:37,1
DA:38,1
DA:39,2
DA:44,1
DA:50,1
DA:51,1
DA:52,1
DA:54,19
DA:55,18
DA:57,18
DA:61,18
DA:63,18
DA:67,18
DA:68,18
DA:70,18
DA:72,18
DA:74,0
DA:79,18
DA:80,18
DA:81,18
DA:82,18
DA:83,18
DA:85,35
DA:87,18
DA:96,1
DA:98,1
LH:30
LF:31
end_of_record
SF:simdloop.jl
DA:51,582261
DA:54,330197660
DA:69,583054
DA:70,59461521
DA:71,582261
DA:72,59461511
DA:75,224561401
DA:76,165099890
DA:77,165099890
DA:78,165099890
DA:79,165682171
DA:86,582261
LH:12
LF:12
end_of_record
SF:/home/chad/.julia/packages/SpecialFunctions/fvheQ/src/SpecialFunctions.jl
DA:12,2
LH:1
LF:1
end_of_record
SF:/home/chad/.julia/packages/Parameters/l76EM/src/Parameters.jl
DA:476,2
DA:499,2
DA:518,4
DA:686,2067619
DA:743,6
DA:744,2
DA:745,3
DA:746,2
DA:747,2
DA:748,2
DA:749,2
DA:750,22766
DA:751,1132803
DA:754,2
LH:14
LF:14
end_of_record
SF:/home/chad/.julia/packages/Compat/lwK4K/src/Compat.jl
DA:246,2
LH:1
LF:1
end_of_record
SF:/home/chad/.julia/packages/LogDensityProblems/2UHo5/src/DiffResults_helpers.jl
DA:17,21566
DA:28,21565
LH:2
LF:2
end_of_record
SF:/home/chad/.julia/packages/SpecialFunctions/fvheQ/src/gamma.jl
DA:718,41146444
DA:761,61719666
LH:2
LF:2
end_of_record
SF:/home/chad/.julia/packages/LineSearches/WrsMD/src/LineSearches.jl
DA:20,18
DA:79,18
DA:81,135
DA:84,45
DA:87,45
DA:89,18
LH:6
LF:6
end_of_record
SF:/home/chad/.julia/packages/Graphs/GQCid/src/graph.jl
DA:7,63
DA:32,63
DA:57,126
DA:58,63
DA:60,246
DA:63,1107
DA:69,274
DA:71,174
DA:104,274
DA:105,137
DA:107,137
DA:108,137
DA:109,137
DA:111,137
DA:112,0
DA:113,0
DA:114,0
DA:116,137
DA:120,137
LH:16
LF:19
end_of_record
SF:rational.jl
DA:13,10
DA:14,20
DA:15,10
DA:20,20
DA:43,20
DA:93,1060
LH:6
LF:6
end_of_record
SF:/home/chad/.julia/packages/Distributions/Iltex/src/univariates.jl
DA:175,1200
DA:334,232903328
DA:535,41146444
LH:3
LF:3
end_of_record
SF:/home/chad/.julia/packages/ForwardDiff/N0wMF/src/gradient.jl
DA:33,43132
DA:34,21566
DA:35,0
DA:37,21566
DA:39,21565
DA:80,194086
DA:81,388172
DA:82,4377718
DA:84,194086
DA:88,2479988
DA:89,194086
DA:103,0
DA:104,0
DA:105,0
DA:124,21566
DA:127,21566
DA:128,21566
DA:129,21566
DA:130,21566
DA:131,21566
DA:134,21566
DA:135,21566
DA:136,2285996
DA:139,258792
DA:140,21566
DA:142,21566
DA:143,258792
DA:146,43132
DA:147,150956
DA:148,1811472
DA:149,150956
DA:150,150955
DA:151,280345
DA:155,215650
DA:156,21565
DA:157,21565
DA:160,21565
DA:162,21565
DA:171,21566
LH:35
LF:39
end_of_record
SF:/home/chad/.julia/packages/ForwardDiff/N0wMF/src/prelude.jl
DA:16,3
DA:17,1
DA:18,0
DA:29,2
DA:30,0
DA:32,1
DA:33,1
LH:5
LF:7
end_of_record
SF:/home/chad/.julia/packages/Distributions/Iltex/src/univariate/continuous/gamma.jl
DA:32,436
DA:33,436
DA:37,436
DA:47,0
DA:51,1106
DA:52,234
DA:92,872
DA:94,0
DA:95,436
DA:96,202
DA:98,234
LH:9
LF:11
end_of_record
SF:/home/chad/.julia/packages/Optim/tAcSy/src/Manifolds.jl
DA:25,36
DA:34,63
DA:37,63
DA:49,90
DA:50,45
DA:51,45
DA:52,45
DA:57,1
DA:62,38
DA:64,200
LH:10
LF:10
end_of_record
SF:/buildworker/worker/package_linux64/build/usr/share/julia/stdlib/v1.2/DelimitedFiles/src/DelimitedFiles.jl
DA:480,0
DA:481,0
DA:489,0
DA:776,0
DA:777,0
DA:778,0
DA:779,0
DA:828,0
DA:829,0
LH:0
LF:9
end_of_record
SF:sort.jl
DA:95,5
DA:96,5
DA:97,5
DA:100,5
DA:101,0
DA:155,10
DA:401,10
DA:553,126
DA:643,63
DA:647,126
DA:648,126
DA:696,126
DA:708,126
LH:12
LF:13
end_of_record
SF:/buildworker/worker/package_linux64/build/usr/share/julia/stdlib/v1.2/LinearAlgebra/src/uniformscaling.jl
DA:30,10
DA:199,5
LH:2
LF:2
end_of_record
SF:/home/chad/.julia/packages/DataStructures/Eu8Pt/src/list.jl
DA:6,391
DA:9,1159
DA:13,2318
DA:15,391
DA:129,780
DA:131,2699
LH:6
LF:6
end_of_record
SF:threadingconstructs.jl
DA:19,1
LH:1
LF:1
end_of_record
SF:views.jl
DA:125,34
LH:1
LF:1
end_of_record
SF:strings/string.jl
DA:17,1056471
DA:39,3
DA:52,53601
DA:53,53601
DA:56,0
DA:57,0
DA:60,138078
DA:71,0
DA:81,1386461
DA:82,1248150
DA:84,1845556
DA:85,169
DA:89,1056471
DA:90,1056471
DA:113,0
DA:117,0
DA:118,0
DA:119,0
DA:120,0
DA:121,0
DA:122,0
DA:123,0
DA:124,0
DA:125,0
DA:126,0
DA:127,0
DA:128,0
DA:129,0
DA:130,0
DA:131,0
DA:134,138082
DA:177,1952279
DA:178,650759
DA:179,650759
DA:180,1301518
DA:181,0
DA:207,405712
DA:208,405712
DA:209,811424
DA:210,0
DA:242,138080
DA:243,2
DA:244,138077
DA:245,138077
DA:246,138077
DA:247,138077
DA:249,138077
DA:250,138077
DA:251,138077
DA:252,138077
DA:253,138077
LH:30
LF:51
end_of_record
SF:/home/chad/git/jl/Soss/src/logpdf.jl
DA:5,194087
DA:9,1
DA:13,1
DA:14,4
DA:15,8
DA:16,0
DA:17,0
DA:19,3
DA:25,1
LH:7
LF:9
end_of_record
SF:/home/chad/.julia/packages/GeneralizedGenerated/x3uMp/src/runtime_funcs.jl
DA:1,10
DA:2,21
DA:19,62
DA:25,5
DA:42,42
DA:44,21
DA:45,21
DA:50,2
DA:51,2
DA:52,10
DA:53,10
DA:54,0
DA:56,10
DA:57,0
DA:58,0
DA:60,10
DA:62,10
DA:63,10
DA:68,116452268
DA:69,2
DA:70,2
DA:71,2
DA:72,2
DA:73,2
DA:74,58226132
DA:75,58226132
LH:23
LF:26
end_of_record
SF:/home/chad/.julia/packages/PlotUtils/35TGG/src/color_gradients.jl
DA:5,0
DA:47,18
DA:48,9
DA:52,1
LH:3
LF:4
end_of_record
SF:floatfuncs.jl
DA:15,20598488
DA:124,2
DA:129,900
DA:140,900
DA:207,900
DA:208,900
DA:283,0
LH:6
LF:7
end_of_record
SF:/buildworker/worker/package_linux64/build/usr/share/julia/stdlib/v1.2/REPL/src/REPLCompletions.jl
DA:17,0
DA:26,4
DA:99,4
DA:104,2
DA:105,2
DA:107,0
DA:109,0
DA:111,0
DA:112,0
DA:114,0
DA:115,0
DA:116,0
DA:117,0
DA:119,0
DA:123,0
DA:125,0
DA:127,0
DA:130,2
DA:131,2
DA:135,2
DA:137,2
DA:139,2
DA:140,2
DA:141,8
DA:143,2
DA:145,2
DA:147,0
DA:148,0
DA:149,0
DA:150,0
DA:151,0
DA:156,0
DA:157,0
DA:158,0
DA:159,0
DA:160,0
DA:161,0
DA:166,2
DA:189,0
DA:272,0
DA:273,0
DA:295,0
DA:348,0
DA:349,0
DA:432,0
DA:433,0
DA:434,0
DA:436,0
DA:439,0
DA:440,0
DA:441,0
DA:444,0
DA:445,0
DA:446,0
DA:450,0
DA:451,0
DA:452,0
DA:453,0
DA:454,0
DA:455,0
DA:456,0
DA:459,0
DA:460,0
DA:463,0
DA:551,8
DA:552,4
DA:553,4
DA:554,4
DA:555,230
DA:556,10
DA:557,220
DA:558,10
DA:559,2
DA:560,2
DA:562,210
DA:563,198
DA:564,392
DA:565,426
DA:570,4
DA:575,10
DA:576,2
DA:579,2
DA:580,2
DA:581,0
DA:582,0
DA:583,0
DA:587,6
DA:588,0
DA:589,0
DA:590,0
DA:592,0
DA:593,0
DA:595,0
DA:597,0
DA:603,0
DA:607,0
DA:610,2
DA:611,2
DA:614,2
DA:615,2
DA:616,0
DA:617,0
DA:619,0
DA:620,0
DA:621,0
DA:622,0
DA:623,0
DA:626,2
DA:627,0
DA:630,2
DA:631,4
DA:633,2
DA:634,2
DA:636,2
DA:642,4
DA:643,2
DA:644,2
DA:645,14
DA:646,4
DA:648,6
DA:649,2
DA:650,95
DA:656,2
DA:657,0
DA:660,2
DA:661,0
DA:663,2
DA:665,2
DA:667,62
DA:674,2
DA:677,2
DA:678,2
DA:679,4
DA:680,2
DA:683,2
DA:684,0
DA:685,0
DA:686,0
DA:687,0
DA:688,0
DA:689,0
DA:690,0
DA:693,0
DA:694,0
DA:695,0
DA:696,0
DA:697,0
DA:698,0
DA:702,0
DA:705,4
DA:706,2
LH:65
LF:151
end_of_record
SF:deepcopy.jl
DA:28,0
LH:0
LF:1
end_of_record
SF:gcutils.jl
DA:18,1
DA:28,0
DA:86,1122662
DA:87,1122662
DA:88,1122662
LH:4
LF:5
end_of_record
SF:/home/chad/.julia/packages/Requires/9Jse8/src/require.jl
DA:6,34
DA:8,34
DA:11,124
DA:13,68
DA:17,190
DA:18,95
DA:19,95
DA:23,26
DA:24,26
DA:25,26
DA:26,13
DA:27,13
DA:28,13
DA:30,13
DA:37,26
DA:38,13
DA:40,0
DA:63,34
DA:64,53
DA:65,21
DA:66,13
DA:67,26
LH:21
LF:22
end_of_record
SF:/home/chad/.julia/packages/Distributions/Iltex/src/univariate/continuous/gumbel.jl
DA:29,600
DA:32,600
DA:36,600
DA:90,600
LH:4
LF:4
end_of_record
SF:/home/chad/.julia/packages/DataStructures/Eu8Pt/src/disjoint_set.jl
DA:26,0
DA:35,0
DA:36,0
DA:37,0
DA:39,0
DA:44,0
DA:45,0
DA:46,0
DA:48,0
DA:51,0
DA:130,0
DA:138,0
LH:0
LF:12
end_of_record
SF:/home/chad/.julia/packages/LineSearches/WrsMD/src/hagerzhang.jl
DA:100,18
DA:101,18
DA:111,36
DA:116,18
DA:117,0
DA:119,18
DA:120,0
DA:121,18
DA:122,0
DA:127,18
DA:128,18
DA:129,18
DA:130,18
DA:131,18
DA:132,0
DA:136,18
DA:137,18
DA:138,18
DA:139,18
DA:140,18
DA:142,18
DA:143,0
DA:144,0
DA:145,0
DA:146,0
DA:148,18
DA:149,0
DA:150,0
DA:151,0
DA:153,18
DA:154,18
DA:155,18
DA:159,18
DA:161,0
DA:162,0
DA:164,0
DA:165,0
DA:171,18
DA:174,45
DA:175,27
DA:176,0
DA:182,27
DA:185,18
DA:186,36
DA:187,18
DA:189,18
DA:192,18
DA:193,9
DA:196,0
DA:198,0
DA:199,0
DA:202,0
DA:203,0
DA:215,18
DA:216,0
DA:217,0
DA:219,9
DA:220,9
DA:222,0
DA:223,0
DA:227,9
DA:229,9
DA:231,0
DA:232,0
DA:233,0
DA:235,0
DA:236,0
DA:238,9
DA:239,0
DA:240,0
DA:241,0
DA:246,0
DA:248,9
DA:249,9
DA:250,9
DA:252,27
DA:254,18
DA:255,18
DA:256,18
DA:257,18
DA:258,18
DA:259,0
DA:266,36
DA:267,0
DA:268,0
DA:270,18
DA:271,18
DA:272,18
DA:273,18
DA:275,0
DA:276,0
DA:277,0
DA:278,0
DA:279,0
DA:280,0
DA:282,0
DA:284,0
DA:285,0
DA:287,0
DA:288,0
DA:291,0
DA:294,0
DA:295,0
DA:297,0
DA:299,0
DA:300,0
DA:301,0
DA:302,0
DA:303,0
DA:305,0
DA:307,0
DA:310,0
DA:325,18
DA:327,18
DA:329,19
DA:334,18
DA:337,0
DA:350,36
DA:351,18
DA:352,18
DA:353,18
DA:354,18
DA:355,18
DA:358,18
DA:359,0
DA:363,18
DA:364,18
DA:365,0
DA:367,18
DA:369,18
DA:370,18
DA:372,18
DA:373,18
DA:374,18
DA:376,18
DA:377,19
DA:378,18
DA:379,0
DA:381,18
DA:384,0
DA:385,0
DA:386,0
DA:388,0
DA:389,0
DA:391,0
DA:393,0
DA:394,0
DA:396,0
DA:398,0
DA:399,0
DA:400,0
DA:403,0
DA:404,0
DA:406,0
DA:407,0
DA:408,0
DA:410,0
DA:412,0
DA:413,0
DA:414,0
DA:416,0
DA:418,0
DA:420,0
DA:421,0
DA:423,0
DA:439,0
DA:440,0
DA:444,0
DA:445,0
DA:446,0
DA:447,0
DA:448,0
DA:449,0
DA:450,0
DA:451,0
DA:452,0
DA:460,0
DA:461,0
DA:463,0
DA:464,0
DA:471,0
DA:472,0
DA:476,0
DA:488,0
DA:489,0
DA:490,0
DA:493,0
DA:494,0
DA:495,0
DA:496,0
DA:497,0
DA:498,0
DA:499,0
DA:500,0
DA:502,0
DA:503,0
DA:504,0
DA:506,0
DA:507,0
DA:508,0
DA:510,0
DA:511,0
DA:512,0
DA:514,0
DA:516,0
DA:519,0
DA:522,0
LH:75
LF:207
end_of_record
SF:/home/chad/.julia/packages/SimplePartitions/Qz7kk/src/SimplePartitions.jl
DA:216,0
DA:246,0
DA:247,0
DA:249,0
DA:254,0
DA:255,0
DA:258,0
DA:259,0
DA:260,0
DA:261,0
DA:263,0
DA:266,0
DA:267,0
DA:268,0
DA:272,0
DA:273,0
DA:274,0
DA:279,0
DA:280,0
DA:281,0
DA:285,0
DA:286,0
DA:287,0
DA:289,0
DA:290,0
DA:355,0
DA:356,0
DA:357,0
LH:0
LF:28
end_of_record
SF:/home/chad/.julia/packages/Plots/h3o4c/src/init.jl
DA:5,2
DA:6,0
DA:8,1
DA:14,2
DA:15,1
DA:16,0
DA:18,1
DA:19,0
DA:22,3
DA:24,1
DA:31,2
DA:32,2
DA:33,2
DA:34,2
DA:35,2
DA:36,2
DA:38,2
DA:46,1
DA:47,0
DA:48,0
DA:49,0
DA:50,0
DA:53,1
DA:57,1
LH:17
LF:24
end_of_record
SF:/buildworker/worker/package_linux64/build/usr/share/julia/stdlib/v1.2/REPL/src/Terminals.jl
DA:103,19
DA:138,36
DA:139,12
DA:159,3
DA:160,0
DA:164,0
DA:167,0
LH:4
LF:7
end_of_record
SF:iostream.jl
DA:33,1
DA:140,8
DA:281,1
DA:373,4
DA:417,1
DA:419,0
DA:421,1
DA:439,245103
LH:7
LF:8
end_of_record
SF:/buildworker/worker/package_linux64/build/usr/share/julia/stdlib/v1.2/LibGit2/src/strarray.jl
DA:14,0
LH:0
LF:1
end_of_record
SF:/home/chad/.julia/packages/PlotUtils/35TGG/src/PlotUtils.jl
DA:41,2
LH:1
LF:1
end_of_record
SF:logging.jl
DA:105,4
DA:305,0
DA:307,0
DA:310,0
DA:311,0
DA:315,0
DA:318,0
DA:319,0
DA:320,0
DA:322,0
DA:327,0
DA:370,3
DA:374,3
DA:491,3
DA:517,0
DA:526,0
LH:4
LF:16
end_of_record
SF:/home/chad/.julia/packages/StatsFuns/2QE7p/src/basicfuns.jl
DA:175,232903328
DA:176,116451664
DA:178,116451664
LH:3
LF:3
end_of_record
SF:/buildworker/worker/package_linux64/build/usr/share/julia/stdlib/v1.2/LinearAlgebra/src/generic.jl
DA:62,18
DA:63,1908
DA:65,18
DA:327,0
DA:328,0
DA:329,0
DA:330,0
DA:331,0
DA:333,0
DA:334,0
DA:336,0
DA:340,40
DA:341,40
DA:342,4240
DA:343,4280
DA:344,4240
DA:346,4200
DA:347,4200
DA:349,40
DA:353,0
DA:354,0
DA:357,0
DA:358,0
DA:359,0
DA:361,0
DA:363,0
DA:368,0
DA:372,0
DA:373,0
DA:374,0
DA:376,0
DA:377,0
DA:378,0
DA:379,0
DA:380,0
DA:382,0
DA:384,0
DA:386,0
DA:387,0
DA:388,0
DA:389,0
DA:391,0
DA:393,0
DA:400,0
DA:401,0
DA:402,0
DA:403,0
DA:404,0
DA:408,0
DA:409,0
DA:410,0
DA:411,0
DA:412,0
DA:413,0
DA:415,0
DA:417,0
DA:419,0
DA:420,0
DA:421,0
DA:422,0
DA:424,0
DA:426,0
DA:430,0
DA:431,4240
DA:434,0
DA:500,80
DA:501,40
DA:502,0
DA:503,40
DA:504,0
DA:505,40
DA:506,40
DA:507,0
DA:508,0
DA:509,0
DA:510,0
DA:512,0
DA:543,8480
LH:18
LF:78
end_of_record
SF:locks-mt.jl
DA:33,1
DA:58,60
DA:59,60
LH:3
LF:3
end_of_record
SF:/home/chad/.julia/packages/NameResolution/L8KnI/src/NameResolution.jl
DA:12,0
DA:17,52
DA:22,60
DA:23,10
DA:25,50
DA:26,60
DA:31,123
DA:37,12
DA:38,6
DA:39,12
DA:40,6
DA:41,0
DA:42,0
DA:43,0
DA:45,0
DA:47,0
DA:53,6
DA:54,6
DA:60,16
DA:61,8
DA:62,8
DA:64,8
DA:65,8
DA:66,8
DA:67,8
DA:68,8
DA:70,8
DA:71,8
DA:72,0
DA:73,0
DA:76,16
DA:77,47
DA:79,47
DA:80,26
DA:81,21
DA:87,0
DA:89,0
DA:90,0
DA:91,0
DA:92,0
DA:94,0
DA:95,0
DA:97,47
DA:98,47
DA:99,47
DA:101,0
DA:103,86
DA:106,16
DA:107,60
DA:108,0
DA:109,60
DA:110,9
DA:111,51
DA:113,45
DA:114,0
DA:120,6
DA:121,6
DA:122,6
DA:124,126
DA:126,8
DA:127,14
DA:128,2
DA:132,12
LH:45
LF:63
end_of_record
SF:reflection.jl
DA:410,0
DA:455,117896004
DA:560,0
DA:821,0
DA:1215,3
DA:1217,3
LH:3
LF:6
end_of_record
SF:/home/chad/.julia/packages/FFTW/MJ7kl/src/FFTW.jl
DA:46,2
DA:47,1
DA:48,1
DA:49,2
DA:50,0
DA:53,1
DA:54,1
DA:55,1
DA:57,1
LH:8
LF:9
end_of_record
SF:/home/chad/git/jl/Soss/src/rand.jl
DA:8,2
DA:20,1
DA:25,1
DA:27,2
DA:28,3
DA:29,8
DA:30,0
DA:31,0
DA:33,1
DA:35,3
DA:40,1
LH:9
LF:11
end_of_record
SF:printf.jl
DA:150,0
DA:841,0
DA:992,0
DA:993,0
DA:994,0
DA:995,0
DA:996,0
DA:998,0
LH:0
LF:8
end_of_record
SF:/buildworker/worker/package_linux64/build/usr/share/julia/stdlib/v1.2/Pkg/src/Types.jl
DA:274,2
LH:1
LF:1
end_of_record
SF:/home/chad/.julia/packages/CanonicalTraits/de0MI/src/Typeclasses.jl
DA:44,3270
DA:45,5259
LH:2
LF:2
end_of_record
SF:/buildworker/worker/package_linux64/build/usr/share/julia/stdlib/v1.2/Random/src/RNGs.jl
DA:25,2
DA:51,1
DA:97,1
DA:137,3
DA:178,2
DA:179,157511
DA:180,159
DA:182,157511
DA:185,159
DA:186,159
DA:189,315022
DA:248,2
DA:249,1
DA:251,0
DA:253,0
DA:254,0
DA:255,0
DA:256,0
DA:261,0
DA:288,1
DA:306,157511
DA:310,154367
DA:314,154367
DA:315,154367
DA:330,3144
DA:331,3144
DA:338,1249
DA:374,1
DA:378,2
DA:379,106
DA:380,106
DA:390,2
DA:391,1
DA:392,1
DA:394,1
DA:395,1
DA:396,1
DA:397,1
DA:399,0
DA:400,0
DA:401,0
DA:403,1
DA:404,2
DA:405,211
DA:408,1
DA:412,0
DA:427,2
DA:428,1
DA:429,1
DA:431,0
DA:432,0
DA:433,0
DA:434,0
DA:435,0
DA:436,0
DA:438,0
DA:440,0
DA:441,0
DA:443,0
DA:449,1
DA:450,1
DA:451,1
DA:456,1
LH:43
LF:63
end_of_record
SF:char.jl
DA:208,160610
DA:229,0
LH:1
LF:2
end_of_record
SF:/home/chad/.julia/packages/SpecialFunctions/fvheQ/deps/deps.jl
DA:14,1
DA:15,1
DA:16,0
DA:19,3
DA:20,0
LH:3
LF:5
end_of_record
SF:process.jl
DA:16,0
DA:285,0
DA:929,0
DA:930,0
DA:931,0
DA:933,0
LH:0
LF:6
end_of_record
SF:pointer.jl
DA:26,2634735
DA:30,2105927
DA:57,4
DA:58,0
DA:59,1386461
DA:65,118273389
DA:66,245111
DA:105,2113050
DA:118,114
DA:147,1584537
DA:155,53613
DA:159,2634735
DA:160,0
LH:11
LF:13
end_of_record
SF:/home/chad/.julia/packages/ArrayInterface/mWH2h/src/ArrayInterface.jl
DA:1,2
DA:374,3
DA:380,2
DA:385,2
DA:391,2
DA:403,2
DA:424,1
LH:7
LF:7
end_of_record
SF:gmp.jl
DA:56,0
DA:57,0
DA:58,0
DA:140,0
DA:206,0
DA:207,0
DA:209,0
DA:461,0
DA:464,0
DA:467,0
DA:500,0
LH:0
LF:11
end_of_record
SF:arraymath.jl
DA:44,85918
DA:45,171836
DA:47,85918
DA:52,64558
LH:4
LF:4
end_of_record
SF:/home/chad/.julia/packages/TransformVariables/gAt5r/src/generic.jl
DA:165,582261
DA:166,194087
DA:230,194087
DA:231,388174
DA:232,194087
LH:5
LF:5
end_of_record
SF:broadcast.jl
DA:170,58878855
DA:179,58878859
DA:196,58877944
DA:206,394
DA:208,394
DA:256,58877944
DA:259,547
DA:261,70086
DA:468,69887
DA:469,58878160
DA:473,69545
DA:477,6
DA:479,69539
DA:485,69539
DA:487,70472
DA:503,933
DA:504,933
DA:506,923
DA:509,478
DA:510,513
DA:538,1835
DA:539,151852540
DA:541,2895
DA:547,58948372
DA:548,58948377
DA:552,10
DA:553,58948387
DA:557,144442610
DA:558,144442610
DA:563,0
DA:586,117896744
DA:591,151853600
DA:592,58948372
DA:597,144484374
DA:598,144484374
DA:621,7452740
DA:622,144464354
DA:625,144484374
DA:798,117755888
DA:801,713
DA:818,117755888
DA:842,117756856
DA:863,117897158
DA:869,117757610
DA:870,117897158
DA:872,140708
DA:873,117757516
DA:878,58878491
DA:880,34
DA:882,68
DA:883,34
DA:886,117756822
DA:887,58878467
DA:888,144442610
DA:890,58878457
DA:1116,34
DA:1210,4
DA:1218,4
LH:57
LF:58
end_of_record
SF:/home/chad/.julia/packages/Zygote/bdE6T/src/profiler/Profile.jl
DA:1,0
LH:0
LF:1
end_of_record
SF:/home/chad/git/jl/Soss/src/xform.jl
DA:13,1
DA:17,1
DA:28,1
DA:30,2
DA:32,1
DA:33,3
DA:34,0
DA:35,0
DA:38,11
DA:39,1
DA:41,3
DA:51,3
DA:57,1
DA:66,3
DA:67,3
DA:79,3
DA:108,3
LH:15
LF:17
end_of_record
SF:/home/chad/.julia/packages/GR/ZI5OE/src/GR.jl
DA:225,2
DA:226,2
DA:229,1
DA:230,1
DA:231,0
DA:232,0
DA:233,0
DA:235,1
DA:236,0
DA:238,1
DA:239,1
DA:240,3
DA:241,0
DA:242,0
DA:246,1
DA:247,1
DA:249,1
DA:250,1
DA:254,1
DA:256,1
DA:257,0
DA:259,1
DA:263,1
DA:264,1
DA:265,1
DA:266,0
DA:267,0
DA:268,0
DA:270,1
DA:271,0
DA:272,1
DA:273,0
DA:274,0
DA:275,0
DA:276,0
DA:277,1
DA:278,0
DA:279,0
DA:280,0
DA:281,0
DA:282,0
DA:285,1
DA:286,0
DA:287,1
DA:288,0
DA:289,1
LH:24
LF:46
end_of_record
